DEBUG - 2025-04-28 07:34:23 --> Session: Class initialized using 'CodeIgniter\Session\Handlers\FileHandler' driver.
DEBUG - 2025-04-28 07:34:24 --> Session: Class initialized using 'CodeIgniter\Session\Handlers\FileHandler' driver.
DEBUG - 2025-04-28 07:35:11 --> Session: Class initialized using 'CodeIgniter\Session\Handlers\FileHandler' driver.
DEBUG - 2025-04-28 07:35:11 --> Session: Class initialized using 'CodeIgniter\Session\Handlers\FileHandler' driver.
DEBUG - 2025-04-28 07:35:32 --> Session: Class initialized using 'CodeIgniter\Session\Handlers\FileHandler' driver.
DEBUG - 2025-04-28 07:36:13 --> Session: Class initialized using 'CodeIgniter\Session\Handlers\FileHandler' driver.
DEBUG - 2025-04-28 07:36:14 --> Session: Class initialized using 'CodeIgniter\Session\Handlers\FileHandler' driver.
DEBUG - 2025-04-28 07:36:17 --> Session: Class initialized using 'CodeIgniter\Session\Handlers\FileHandler' driver.
CRITICAL - 2025-04-28 07:36:18 --> CodeIgniter\HTTP\Exceptions\BadRequestException: The URI you submitted has disallowed characters: "download (16).jpeg"
[Method: GET, Route: download%20%2816%29.jpeg]
in SYSTEMPATH\Router\Router.php on line 739.
 1 SYSTEMPATH\Router\Router.php(207): CodeIgniter\Router\Router->checkDisallowedChars('download (16).jpeg')
 2 SYSTEMPATH\CodeIgniter.php(832): CodeIgniter\Router\Router->handle('download (16).jpeg')
 3 SYSTEMPATH\CodeIgniter.php(455): CodeIgniter\CodeIgniter->tryToRouteIt(Object(CodeIgniter\Router\RouteCollection))
 4 SYSTEMPATH\CodeIgniter.php(354): CodeIgniter\CodeIgniter->handleRequest(null, Object(Config\Cache), false)
 5 SYSTEMPATH\Boot.php(334): CodeIgniter\CodeIgniter->run()
 6 SYSTEMPATH\Boot.php(67): CodeIgniter\Boot::runCodeIgniter(Object(CodeIgniter\CodeIgniter))
 7 FCPATH\index.php(56): CodeIgniter\Boot::bootWeb(Object(Config\Paths))
 8 SYSTEMPATH\rewrite.php(44): require_once('C:\\xampp\\htdocs\\kinerja.percobaan\\public\\index.php')
CRITICAL - 2025-04-28 07:36:18 --> CodeIgniter\HTTP\Exceptions\BadRequestException: The URI you submitted has disallowed characters: "6145559358730257384 (1).jpg"
[Method: GET, Route: 6145559358730257384%20%281%29.jpg]
in SYSTEMPATH\Router\Router.php on line 739.
 1 SYSTEMPATH\Router\Router.php(207): CodeIgniter\Router\Router->checkDisallowedChars('6145559358730257384 (1).jpg')
 2 SYSTEMPATH\CodeIgniter.php(832): CodeIgniter\Router\Router->handle('6145559358730257384 (1).jpg')
 3 SYSTEMPATH\CodeIgniter.php(455): CodeIgniter\CodeIgniter->tryToRouteIt(Object(CodeIgniter\Router\RouteCollection))
 4 SYSTEMPATH\CodeIgniter.php(354): CodeIgniter\CodeIgniter->handleRequest(null, Object(Config\Cache), false)
 5 SYSTEMPATH\Boot.php(334): CodeIgniter\CodeIgniter->run()
 6 SYSTEMPATH\Boot.php(67): CodeIgniter\Boot::runCodeIgniter(Object(CodeIgniter\CodeIgniter))
 7 FCPATH\index.php(56): CodeIgniter\Boot::bootWeb(Object(Config\Paths))
 8 SYSTEMPATH\rewrite.php(44): require_once('C:\\xampp\\htdocs\\kinerja.percobaan\\public\\index.php')
DEBUG - 2025-04-28 07:37:09 --> Session: Class initialized using 'CodeIgniter\Session\Handlers\FileHandler' driver.
DEBUG - 2025-04-28 07:38:40 --> Session: Class initialized using 'CodeIgniter\Session\Handlers\FileHandler' driver.
DEBUG - 2025-04-28 07:38:47 --> Session: Class initialized using 'CodeIgniter\Session\Handlers\FileHandler' driver.
DEBUG - 2025-04-28 07:38:48 --> Session: Class initialized using 'CodeIgniter\Session\Handlers\FileHandler' driver.
DEBUG - 2025-04-28 07:39:50 --> Session: Class initialized using 'CodeIgniter\Session\Handlers\FileHandler' driver.
DEBUG - 2025-04-28 07:40:11 --> Session: Class initialized using 'CodeIgniter\Session\Handlers\FileHandler' driver.
DEBUG - 2025-04-28 07:41:07 --> Session: Class initialized using 'CodeIgniter\Session\Handlers\FileHandler' driver.
DEBUG - 2025-04-28 07:42:20 --> Session: Class initialized using 'CodeIgniter\Session\Handlers\FileHandler' driver.
DEBUG - 2025-04-28 07:42:25 --> Session: Class initialized using 'CodeIgniter\Session\Handlers\FileHandler' driver.
CRITICAL - 2025-04-28 07:42:25 --> ErrorException: Array to string conversion
[Method: GET, Route: laporan_kerja/edit/57]
in APPPATH\Views\laporan_kerja\edit.php on line 68.
 1 APPPATH\Views\laporan_kerja\edit.php(68): CodeIgniter\Debug\Exceptions->errorHandler(2, 'Array to string conversion', 'C:\\xampp\\htdocs\\kinerja.percobaan\\app\\Views\\laporan_kerja\\edit.php', 68)
 2 SYSTEMPATH\View\View.php(224): include('C:\\xampp\\htdocs\\kinerja.percobaan\\app\\Views\\laporan_kerja\\edit.php')
 3 SYSTEMPATH\View\View.php(227): CodeIgniter\View\View->CodeIgniter\View\{closure}()
 4 SYSTEMPATH\Common.php(1173): CodeIgniter\View\View->render('/laporan_kerja/edit', [], true)
 5 APPPATH\Controllers\LaporanKerja.php(94): view('/laporan_kerja/edit', [...])
 6 SYSTEMPATH\CodeIgniter.php(933): App\Controllers\LaporanKerja->edit('57')
 7 SYSTEMPATH\CodeIgniter.php(507): CodeIgniter\CodeIgniter->runController(Object(App\Controllers\LaporanKerja))
 8 SYSTEMPATH\CodeIgniter.php(354): CodeIgniter\CodeIgniter->handleRequest(null, Object(Config\Cache), false)
 9 SYSTEMPATH\Boot.php(334): CodeIgniter\CodeIgniter->run()
10 SYSTEMPATH\Boot.php(67): CodeIgniter\Boot::runCodeIgniter(Object(CodeIgniter\CodeIgniter))
11 FCPATH\index.php(56): CodeIgniter\Boot::bootWeb(Object(Config\Paths))
12 SYSTEMPATH\rewrite.php(44): require_once('C:\\xampp\\htdocs\\kinerja.percobaan\\public\\index.php')
DEBUG - 2025-04-28 07:43:24 --> Session: Class initialized using 'CodeIgniter\Session\Handlers\FileHandler' driver.
CRITICAL - 2025-04-28 07:43:24 --> ParseError: syntax error, unexpected identifier "judul", expecting ")"
[Method: GET, Route: laporan_kerja/edit/57]
in APPPATH\Views\laporan_kerja\edit.php on line 70.
 1 SYSTEMPATH\View\View.php(227): CodeIgniter\View\View->CodeIgniter\View\{closure}()
 2 SYSTEMPATH\Common.php(1173): CodeIgniter\View\View->render('/laporan_kerja/edit', [], true)
 3 APPPATH\Controllers\LaporanKerja.php(94): view('/laporan_kerja/edit', [...])
 4 SYSTEMPATH\CodeIgniter.php(933): App\Controllers\LaporanKerja->edit('57')
 5 SYSTEMPATH\CodeIgniter.php(507): CodeIgniter\CodeIgniter->runController(Object(App\Controllers\LaporanKerja))
 6 SYSTEMPATH\CodeIgniter.php(354): CodeIgniter\CodeIgniter->handleRequest(null, Object(Config\Cache), false)
 7 SYSTEMPATH\Boot.php(334): CodeIgniter\CodeIgniter->run()
 8 SYSTEMPATH\Boot.php(67): CodeIgniter\Boot::runCodeIgniter(Object(CodeIgniter\CodeIgniter))
 9 FCPATH\index.php(56): CodeIgniter\Boot::bootWeb(Object(Config\Paths))
10 SYSTEMPATH\rewrite.php(44): require_once('C:\\xampp\\htdocs\\kinerja.percobaan\\public\\index.php')
DEBUG - 2025-04-28 08:23:43 --> Session: Class initialized using 'CodeIgniter\Session\Handlers\FileHandler' driver.
CRITICAL - 2025-04-28 08:23:43 --> ErrorException: Undefined array key "id"
[Method: GET, Route: laporan_kerja/edit/57]
in APPPATH\Views\laporan_kerja\edit.php on line 68.
 1 APPPATH\Views\laporan_kerja\edit.php(68): CodeIgniter\Debug\Exceptions->errorHandler(2, 'Undefined array key "id"', 'C:\\xampp\\htdocs\\kinerja.percobaan\\app\\Views\\laporan_kerja\\edit.php', 68)
 2 SYSTEMPATH\View\View.php(224): include('C:\\xampp\\htdocs\\kinerja.percobaan\\app\\Views\\laporan_kerja\\edit.php')
 3 SYSTEMPATH\View\View.php(227): CodeIgniter\View\View->CodeIgniter\View\{closure}()
 4 SYSTEMPATH\Common.php(1173): CodeIgniter\View\View->render('/laporan_kerja/edit', [], true)
 5 APPPATH\Controllers\LaporanKerja.php(94): view('/laporan_kerja/edit', [...])
 6 SYSTEMPATH\CodeIgniter.php(933): App\Controllers\LaporanKerja->edit('57')
 7 SYSTEMPATH\CodeIgniter.php(507): CodeIgniter\CodeIgniter->runController(Object(App\Controllers\LaporanKerja))
 8 SYSTEMPATH\CodeIgniter.php(354): CodeIgniter\CodeIgniter->handleRequest(null, Object(Config\Cache), false)
 9 SYSTEMPATH\Boot.php(334): CodeIgniter\CodeIgniter->run()
10 SYSTEMPATH\Boot.php(67): CodeIgniter\Boot::runCodeIgniter(Object(CodeIgniter\CodeIgniter))
11 FCPATH\index.php(56): CodeIgniter\Boot::bootWeb(Object(Config\Paths))
12 SYSTEMPATH\rewrite.php(44): require_once('C:\\xampp\\htdocs\\kinerja.percobaan\\public\\index.php')
DEBUG - 2025-04-28 08:25:17 --> Session: Class initialized using 'CodeIgniter\Session\Handlers\FileHandler' driver.
DEBUG - 2025-04-28 08:29:24 --> Session: Class initialized using 'CodeIgniter\Session\Handlers\FileHandler' driver.
DEBUG - 2025-04-28 08:29:26 --> Session: Class initialized using 'CodeIgniter\Session\Handlers\FileHandler' driver.
DEBUG - 2025-04-28 08:29:32 --> Session: Class initialized using 'CodeIgniter\Session\Handlers\FileHandler' driver.
DEBUG - 2025-04-28 08:29:37 --> Session: Class initialized using 'CodeIgniter\Session\Handlers\FileHandler' driver.
DEBUG - 2025-04-28 08:30:56 --> Session: Class initialized using 'CodeIgniter\Session\Handlers\FileHandler' driver.
DEBUG - 2025-04-28 09:22:55 --> Session: Class initialized using 'CodeIgniter\Session\Handlers\FileHandler' driver.
DEBUG - 2025-04-28 09:22:57 --> Session: Class initialized using 'CodeIgniter\Session\Handlers\FileHandler' driver.
DEBUG - 2025-04-28 09:23:22 --> Session: Class initialized using 'CodeIgniter\Session\Handlers\FileHandler' driver.
DEBUG - 2025-04-28 09:23:23 --> Session: Class initialized using 'CodeIgniter\Session\Handlers\FileHandler' driver.
DEBUG - 2025-04-28 09:23:25 --> Session: Class initialized using 'CodeIgniter\Session\Handlers\FileHandler' driver.
DEBUG - 2025-04-28 09:23:29 --> Session: Class initialized using 'CodeIgniter\Session\Handlers\FileHandler' driver.
DEBUG - 2025-04-28 09:23:32 --> Session: Class initialized using 'CodeIgniter\Session\Handlers\FileHandler' driver.
DEBUG - 2025-04-28 09:23:58 --> Session: Class initialized using 'CodeIgniter\Session\Handlers\FileHandler' driver.
DEBUG - 2025-04-28 09:23:59 --> Session: Class initialized using 'CodeIgniter\Session\Handlers\FileHandler' driver.
DEBUG - 2025-04-28 09:24:02 --> Session: Class initialized using 'CodeIgniter\Session\Handlers\FileHandler' driver.
DEBUG - 2025-04-28 09:24:34 --> Session: Class initialized using 'CodeIgniter\Session\Handlers\FileHandler' driver.
DEBUG - 2025-04-28 09:24:34 --> Session: Class initialized using 'CodeIgniter\Session\Handlers\FileHandler' driver.
DEBUG - 2025-04-28 09:24:50 --> Session: Class initialized using 'CodeIgniter\Session\Handlers\FileHandler' driver.
DEBUG - 2025-04-28 09:24:50 --> Session: Class initialized using 'CodeIgniter\Session\Handlers\FileHandler' driver.
DEBUG - 2025-04-28 09:24:53 --> Session: Class initialized using 'CodeIgniter\Session\Handlers\FileHandler' driver.
DEBUG - 2025-04-28 09:24:57 --> Session: Class initialized using 'CodeIgniter\Session\Handlers\FileHandler' driver.
DEBUG - 2025-04-28 09:25:00 --> Session: Class initialized using 'CodeIgniter\Session\Handlers\FileHandler' driver.
DEBUG - 2025-04-28 09:25:01 --> Session: Class initialized using 'CodeIgniter\Session\Handlers\FileHandler' driver.
DEBUG - 2025-04-28 09:25:37 --> Session: Class initialized using 'CodeIgniter\Session\Handlers\FileHandler' driver.
DEBUG - 2025-04-28 09:25:40 --> Session: Class initialized using 'CodeIgniter\Session\Handlers\FileHandler' driver.
DEBUG - 2025-04-28 09:25:46 --> Session: Class initialized using 'CodeIgniter\Session\Handlers\FileHandler' driver.
DEBUG - 2025-04-28 10:10:51 --> Session: Class initialized using 'CodeIgniter\Session\Handlers\FileHandler' driver.
DEBUG - 2025-04-28 10:10:54 --> Session: Class initialized using 'CodeIgniter\Session\Handlers\FileHandler' driver.
DEBUG - 2025-04-28 10:11:42 --> Session: Class initialized using 'CodeIgniter\Session\Handlers\FileHandler' driver.
DEBUG - 2025-04-28 10:11:48 --> Session: Class initialized using 'CodeIgniter\Session\Handlers\FileHandler' driver.
DEBUG - 2025-04-28 10:11:59 --> Session: Class initialized using 'CodeIgniter\Session\Handlers\FileHandler' driver.
DEBUG - 2025-04-28 10:15:22 --> Session: Class initialized using 'CodeIgniter\Session\Handlers\FileHandler' driver.
DEBUG - 2025-04-28 10:15:22 --> Session: Class initialized using 'CodeIgniter\Session\Handlers\FileHandler' driver.
DEBUG - 2025-04-28 10:15:26 --> Session: Class initialized using 'CodeIgniter\Session\Handlers\FileHandler' driver.
DEBUG - 2025-04-28 10:15:28 --> Session: Class initialized using 'CodeIgniter\Session\Handlers\FileHandler' driver.
DEBUG - 2025-04-28 10:15:31 --> Session: Class initialized using 'CodeIgniter\Session\Handlers\FileHandler' driver.
DEBUG - 2025-04-28 10:16:58 --> Session: Class initialized using 'CodeIgniter\Session\Handlers\FileHandler' driver.
DEBUG - 2025-04-28 10:16:59 --> Session: Class initialized using 'CodeIgniter\Session\Handlers\FileHandler' driver.
DEBUG - 2025-04-28 10:17:06 --> Session: Class initialized using 'CodeIgniter\Session\Handlers\FileHandler' driver.
DEBUG - 2025-04-28 10:17:13 --> Session: Class initialized using 'CodeIgniter\Session\Handlers\FileHandler' driver.
DEBUG - 2025-04-28 10:17:29 --> Session: Class initialized using 'CodeIgniter\Session\Handlers\FileHandler' driver.
DEBUG - 2025-04-28 10:17:57 --> Session: Class initialized using 'CodeIgniter\Session\Handlers\FileHandler' driver.
ERROR - 2025-04-28 10:17:57 --> mysqli_sql_exception: Unknown column 'created_at' in 'field list' in C:\xampp\htdocs\kinerja.percobaan\system\Database\MySQLi\Connection.php:327
Stack trace:
#0 C:\xampp\htdocs\kinerja.percobaan\system\Database\MySQLi\Connection.php(327): mysqli->query('INSERT INTO `pe...', 0)
#1 C:\xampp\htdocs\kinerja.percobaan\system\Database\BaseConnection.php(738): CodeIgniter\Database\MySQLi\Connection->execute('INSERT INTO `pe...')
#2 C:\xampp\htdocs\kinerja.percobaan\system\Database\BaseConnection.php(652): CodeIgniter\Database\BaseConnection->simpleQuery('INSERT INTO `pe...')
#3 C:\xampp\htdocs\kinerja.percobaan\system\Database\BaseBuilder.php(2345): CodeIgniter\Database\BaseConnection->query('INSERT INTO `pe...', Array, false)
#4 C:\xampp\htdocs\kinerja.percobaan\system\Model.php(394): CodeIgniter\Database\BaseBuilder->insert()
#5 C:\xampp\htdocs\kinerja.percobaan\system\BaseModel.php(839): CodeIgniter\Model->doInsert(Array)
#6 C:\xampp\htdocs\kinerja.percobaan\system\Model.php(800): CodeIgniter\BaseModel->insert(Array, false)
#7 C:\xampp\htdocs\kinerja.percobaan\system\BaseModel.php(750): CodeIgniter\Model->insert(Array, false)
#8 C:\xampp\htdocs\kinerja.percobaan\app\Controllers\Penilaian.php(41): CodeIgniter\BaseModel->save(Array)
#9 C:\xampp\htdocs\kinerja.percobaan\system\CodeIgniter.php(933): App\Controllers\Penilaian->savePenilaian()
#10 C:\xampp\htdocs\kinerja.percobaan\system\CodeIgniter.php(507): CodeIgniter\CodeIgniter->runController(Object(App\Controllers\Penilaian))
#11 C:\xampp\htdocs\kinerja.percobaan\system\CodeIgniter.php(354): CodeIgniter\CodeIgniter->handleRequest(NULL, Object(Config\Cache), false)
#12 C:\xampp\htdocs\kinerja.percobaan\system\Boot.php(334): CodeIgniter\CodeIgniter->run()
#13 C:\xampp\htdocs\kinerja.percobaan\system\Boot.php(67): CodeIgniter\Boot::runCodeIgniter(Object(CodeIgniter\CodeIgniter))
#14 C:\xampp\htdocs\kinerja.percobaan\public\index.php(56): CodeIgniter\Boot::bootWeb(Object(Config\Paths))
#15 C:\xampp\htdocs\kinerja.percobaan\system\rewrite.php(44): require_once('C:\\xampp\\htdocs...')
#16 {main}
CRITICAL - 2025-04-28 10:17:57 --> CodeIgniter\Database\Exceptions\DatabaseException: Unknown column 'created_at' in 'field list'
[Method: POST, Route: penilaian/savePenilaian]
in SYSTEMPATH\Database\BaseConnection.php on line 692.
 1 SYSTEMPATH\Database\BaseBuilder.php(2345): CodeIgniter\Database\BaseConnection->query('INSERT INTO `penilaian_pegawai` (`pegawai_id`, `manajer_id`, `nilai`, `catatan`, `created_at`, `updated_at`) VALUES (:pegawai_id:, :manajer_id:, :nilai:, :catatan:, :created_at:, :updated_at:)', [...], false)
 2 SYSTEMPATH\Model.php(394): CodeIgniter\Database\BaseBuilder->insert()
 3 SYSTEMPATH\BaseModel.php(839): CodeIgniter\Model->doInsert([...])
 4 SYSTEMPATH\Model.php(800): CodeIgniter\BaseModel->insert([...], false)
 5 SYSTEMPATH\BaseModel.php(750): CodeIgniter\Model->insert([...], false)
 6 APPPATH\Controllers\Penilaian.php(41): CodeIgniter\BaseModel->save([...])
 7 SYSTEMPATH\CodeIgniter.php(933): App\Controllers\Penilaian->savePenilaian()
 8 SYSTEMPATH\CodeIgniter.php(507): CodeIgniter\CodeIgniter->runController(Object(App\Controllers\Penilaian))
 9 SYSTEMPATH\CodeIgniter.php(354): CodeIgniter\CodeIgniter->handleRequest(null, Object(Config\Cache), false)
10 SYSTEMPATH\Boot.php(334): CodeIgniter\CodeIgniter->run()
11 SYSTEMPATH\Boot.php(67): CodeIgniter\Boot::runCodeIgniter(Object(CodeIgniter\CodeIgniter))
12 FCPATH\index.php(56): CodeIgniter\Boot::bootWeb(Object(Config\Paths))
13 SYSTEMPATH\rewrite.php(44): require_once('C:\\xampp\\htdocs\\kinerja.percobaan\\public\\index.php')
CRITICAL - 2025-04-28 10:17:57 --> [Caused by] CodeIgniter\Database\Exceptions\DatabaseException: Unknown column 'created_at' in 'field list'
in SYSTEMPATH\Database\MySQLi\Connection.php on line 332.
 1 SYSTEMPATH\Database\BaseConnection.php(738): CodeIgniter\Database\MySQLi\Connection->execute('INSERT INTO `penilaian_pegawai` (`pegawai_id`, `manajer_id`, `nilai`, `catatan`, `created_at`, `updated_at`) VALUES (\'57\', \'58\', \'5\', \'perbaiki kembali kerjanya\', \'2025-04-28 10:17:57\', \'2025-04-28 10:17:57\')')
 2 SYSTEMPATH\Database\BaseConnection.php(652): CodeIgniter\Database\BaseConnection->simpleQuery('INSERT INTO `penilaian_pegawai` (`pegawai_id`, `manajer_id`, `nilai`, `catatan`, `created_at`, `updated_at`) VALUES (\'57\', \'58\', \'5\', \'perbaiki kembali kerjanya\', \'2025-04-28 10:17:57\', \'2025-04-28 10:17:57\')')
 3 SYSTEMPATH\Database\BaseBuilder.php(2345): CodeIgniter\Database\BaseConnection->query('INSERT INTO `penilaian_pegawai` (`pegawai_id`, `manajer_id`, `nilai`, `catatan`, `created_at`, `updated_at`) VALUES (:pegawai_id:, :manajer_id:, :nilai:, :catatan:, :created_at:, :updated_at:)', [...], false)
 4 SYSTEMPATH\Model.php(394): CodeIgniter\Database\BaseBuilder->insert()
 5 SYSTEMPATH\BaseModel.php(839): CodeIgniter\Model->doInsert([...])
 6 SYSTEMPATH\Model.php(800): CodeIgniter\BaseModel->insert([...], false)
 7 SYSTEMPATH\BaseModel.php(750): CodeIgniter\Model->insert([...], false)
 8 APPPATH\Controllers\Penilaian.php(41): CodeIgniter\BaseModel->save([...])
 9 SYSTEMPATH\CodeIgniter.php(933): App\Controllers\Penilaian->savePenilaian()
10 SYSTEMPATH\CodeIgniter.php(507): CodeIgniter\CodeIgniter->runController(Object(App\Controllers\Penilaian))
11 SYSTEMPATH\CodeIgniter.php(354): CodeIgniter\CodeIgniter->handleRequest(null, Object(Config\Cache), false)
12 SYSTEMPATH\Boot.php(334): CodeIgniter\CodeIgniter->run()
13 SYSTEMPATH\Boot.php(67): CodeIgniter\Boot::runCodeIgniter(Object(CodeIgniter\CodeIgniter))
14 FCPATH\index.php(56): CodeIgniter\Boot::bootWeb(Object(Config\Paths))
15 SYSTEMPATH\rewrite.php(44): require_once('C:\\xampp\\htdocs\\kinerja.percobaan\\public\\index.php')
CRITICAL - 2025-04-28 10:17:57 --> [Caused by] mysqli_sql_exception: Unknown column 'created_at' in 'field list'
in SYSTEMPATH\Database\MySQLi\Connection.php on line 327.
 1 SYSTEMPATH\Database\MySQLi\Connection.php(327): mysqli->query('INSERT INTO `penilaian_pegawai` (`pegawai_id`, `manajer_id`, `nilai`, `catatan`, `created_at`, `updated_at`) VALUES (\'57\', \'58\', \'5\', \'perbaiki kembali kerjanya\', \'2025-04-28 10:17:57\', \'2025-04-28 10:17:57\')', 0)
 2 SYSTEMPATH\Database\BaseConnection.php(738): CodeIgniter\Database\MySQLi\Connection->execute('INSERT INTO `penilaian_pegawai` (`pegawai_id`, `manajer_id`, `nilai`, `catatan`, `created_at`, `updated_at`) VALUES (\'57\', \'58\', \'5\', \'perbaiki kembali kerjanya\', \'2025-04-28 10:17:57\', \'2025-04-28 10:17:57\')')
 3 SYSTEMPATH\Database\BaseConnection.php(652): CodeIgniter\Database\BaseConnection->simpleQuery('INSERT INTO `penilaian_pegawai` (`pegawai_id`, `manajer_id`, `nilai`, `catatan`, `created_at`, `updated_at`) VALUES (\'57\', \'58\', \'5\', \'perbaiki kembali kerjanya\', \'2025-04-28 10:17:57\', \'2025-04-28 10:17:57\')')
 4 SYSTEMPATH\Database\BaseBuilder.php(2345): CodeIgniter\Database\BaseConnection->query('INSERT INTO `penilaian_pegawai` (`pegawai_id`, `manajer_id`, `nilai`, `catatan`, `created_at`, `updated_at`) VALUES (:pegawai_id:, :manajer_id:, :nilai:, :catatan:, :created_at:, :updated_at:)', [...], false)
 5 SYSTEMPATH\Model.php(394): CodeIgniter\Database\BaseBuilder->insert()
 6 SYSTEMPATH\BaseModel.php(839): CodeIgniter\Model->doInsert([...])
 7 SYSTEMPATH\Model.php(800): CodeIgniter\BaseModel->insert([...], false)
 8 SYSTEMPATH\BaseModel.php(750): CodeIgniter\Model->insert([...], false)
 9 APPPATH\Controllers\Penilaian.php(41): CodeIgniter\BaseModel->save([...])
10 SYSTEMPATH\CodeIgniter.php(933): App\Controllers\Penilaian->savePenilaian()
11 SYSTEMPATH\CodeIgniter.php(507): CodeIgniter\CodeIgniter->runController(Object(App\Controllers\Penilaian))
12 SYSTEMPATH\CodeIgniter.php(354): CodeIgniter\CodeIgniter->handleRequest(null, Object(Config\Cache), false)
13 SYSTEMPATH\Boot.php(334): CodeIgniter\CodeIgniter->run()
14 SYSTEMPATH\Boot.php(67): CodeIgniter\Boot::runCodeIgniter(Object(CodeIgniter\CodeIgniter))
15 FCPATH\index.php(56): CodeIgniter\Boot::bootWeb(Object(Config\Paths))
16 SYSTEMPATH\rewrite.php(44): require_once('C:\\xampp\\htdocs\\kinerja.percobaan\\public\\index.php')
DEBUG - 2025-04-28 10:18:02 --> Session: Class initialized using 'CodeIgniter\Session\Handlers\FileHandler' driver.
DEBUG - 2025-04-28 10:18:07 --> Session: Class initialized using 'CodeIgniter\Session\Handlers\FileHandler' driver.
DEBUG - 2025-04-28 10:18:10 --> Session: Class initialized using 'CodeIgniter\Session\Handlers\FileHandler' driver.
DEBUG - 2025-04-28 10:18:23 --> Session: Class initialized using 'CodeIgniter\Session\Handlers\FileHandler' driver.
DEBUG - 2025-04-28 10:18:25 --> Session: Class initialized using 'CodeIgniter\Session\Handlers\FileHandler' driver.
ERROR - 2025-04-28 10:18:25 --> mysqli_sql_exception: Table 'sistem_percobaan.riwayat_pengajuan' doesn't exist in C:\xampp\htdocs\kinerja.percobaan\system\Database\MySQLi\Connection.php:327
Stack trace:
#0 C:\xampp\htdocs\kinerja.percobaan\system\Database\MySQLi\Connection.php(327): mysqli->query('SELECT *\nFROM `...', 0)
#1 C:\xampp\htdocs\kinerja.percobaan\system\Database\BaseConnection.php(738): CodeIgniter\Database\MySQLi\Connection->execute('SELECT *\nFROM `...')
#2 C:\xampp\htdocs\kinerja.percobaan\system\Database\BaseConnection.php(652): CodeIgniter\Database\BaseConnection->simpleQuery('SELECT *\nFROM `...')
#3 C:\xampp\htdocs\kinerja.percobaan\system\Database\BaseBuilder.php(1649): CodeIgniter\Database\BaseConnection->query('SELECT *\nFROM `...', Array, false)
#4 C:\xampp\htdocs\kinerja.percobaan\system\Model.php(286): CodeIgniter\Database\BaseBuilder->get()
#5 C:\xampp\htdocs\kinerja.percobaan\system\BaseModel.php(675): CodeIgniter\Model->doFindAll(0, 0)
#6 C:\xampp\htdocs\kinerja.percobaan\app\Controllers\Pengajuan.php(74): CodeIgniter\BaseModel->findAll()
#7 C:\xampp\htdocs\kinerja.percobaan\system\CodeIgniter.php(933): App\Controllers\Pengajuan->riwayatPengajuan()
#8 C:\xampp\htdocs\kinerja.percobaan\system\CodeIgniter.php(507): CodeIgniter\CodeIgniter->runController(Object(App\Controllers\Pengajuan))
#9 C:\xampp\htdocs\kinerja.percobaan\system\CodeIgniter.php(354): CodeIgniter\CodeIgniter->handleRequest(NULL, Object(Config\Cache), false)
#10 C:\xampp\htdocs\kinerja.percobaan\system\Boot.php(334): CodeIgniter\CodeIgniter->run()
#11 C:\xampp\htdocs\kinerja.percobaan\system\Boot.php(67): CodeIgniter\Boot::runCodeIgniter(Object(CodeIgniter\CodeIgniter))
#12 C:\xampp\htdocs\kinerja.percobaan\public\index.php(56): CodeIgniter\Boot::bootWeb(Object(Config\Paths))
#13 C:\xampp\htdocs\kinerja.percobaan\system\rewrite.php(44): require_once('C:\\xampp\\htdocs...')
#14 {main}
CRITICAL - 2025-04-28 10:18:25 --> CodeIgniter\Database\Exceptions\DatabaseException: Table 'sistem_percobaan.riwayat_pengajuan' doesn't exist
[Method: GET, Route: riwayat-pengajuan]
in SYSTEMPATH\Database\BaseConnection.php on line 692.
 1 SYSTEMPATH\Database\BaseBuilder.php(1649): CodeIgniter\Database\BaseConnection->query('SELECT *
FROM `riwayat_pengajuan`
WHERE `manajer_id` = :manajer_id:', [...], false)
 2 SYSTEMPATH\Model.php(286): CodeIgniter\Database\BaseBuilder->get()
 3 SYSTEMPATH\BaseModel.php(675): CodeIgniter\Model->doFindAll(0, 0)
 4 APPPATH\Controllers\Pengajuan.php(74): CodeIgniter\BaseModel->findAll()
 5 SYSTEMPATH\CodeIgniter.php(933): App\Controllers\Pengajuan->riwayatPengajuan()
 6 SYSTEMPATH\CodeIgniter.php(507): CodeIgniter\CodeIgniter->runController(Object(App\Controllers\Pengajuan))
 7 SYSTEMPATH\CodeIgniter.php(354): CodeIgniter\CodeIgniter->handleRequest(null, Object(Config\Cache), false)
 8 SYSTEMPATH\Boot.php(334): CodeIgniter\CodeIgniter->run()
 9 SYSTEMPATH\Boot.php(67): CodeIgniter\Boot::runCodeIgniter(Object(CodeIgniter\CodeIgniter))
10 FCPATH\index.php(56): CodeIgniter\Boot::bootWeb(Object(Config\Paths))
11 SYSTEMPATH\rewrite.php(44): require_once('C:\\xampp\\htdocs\\kinerja.percobaan\\public\\index.php')
CRITICAL - 2025-04-28 10:18:25 --> [Caused by] CodeIgniter\Database\Exceptions\DatabaseException: Table 'sistem_percobaan.riwayat_pengajuan' doesn't exist
in SYSTEMPATH\Database\MySQLi\Connection.php on line 332.
 1 SYSTEMPATH\Database\BaseConnection.php(738): CodeIgniter\Database\MySQLi\Connection->execute('SELECT *
FROM `riwayat_pengajuan`
WHERE `manajer_id` = \'58\'')
 2 SYSTEMPATH\Database\BaseConnection.php(652): CodeIgniter\Database\BaseConnection->simpleQuery('SELECT *
FROM `riwayat_pengajuan`
WHERE `manajer_id` = \'58\'')
 3 SYSTEMPATH\Database\BaseBuilder.php(1649): CodeIgniter\Database\BaseConnection->query('SELECT *
FROM `riwayat_pengajuan`
WHERE `manajer_id` = :manajer_id:', [...], false)
 4 SYSTEMPATH\Model.php(286): CodeIgniter\Database\BaseBuilder->get()
 5 SYSTEMPATH\BaseModel.php(675): CodeIgniter\Model->doFindAll(0, 0)
 6 APPPATH\Controllers\Pengajuan.php(74): CodeIgniter\BaseModel->findAll()
 7 SYSTEMPATH\CodeIgniter.php(933): App\Controllers\Pengajuan->riwayatPengajuan()
 8 SYSTEMPATH\CodeIgniter.php(507): CodeIgniter\CodeIgniter->runController(Object(App\Controllers\Pengajuan))
 9 SYSTEMPATH\CodeIgniter.php(354): CodeIgniter\CodeIgniter->handleRequest(null, Object(Config\Cache), false)
10 SYSTEMPATH\Boot.php(334): CodeIgniter\CodeIgniter->run()
11 SYSTEMPATH\Boot.php(67): CodeIgniter\Boot::runCodeIgniter(Object(CodeIgniter\CodeIgniter))
12 FCPATH\index.php(56): CodeIgniter\Boot::bootWeb(Object(Config\Paths))
13 SYSTEMPATH\rewrite.php(44): require_once('C:\\xampp\\htdocs\\kinerja.percobaan\\public\\index.php')
CRITICAL - 2025-04-28 10:18:25 --> [Caused by] mysqli_sql_exception: Table 'sistem_percobaan.riwayat_pengajuan' doesn't exist
in SYSTEMPATH\Database\MySQLi\Connection.php on line 327.
 1 SYSTEMPATH\Database\MySQLi\Connection.php(327): mysqli->query('SELECT *
FROM `riwayat_pengajuan`
WHERE `manajer_id` = \'58\'', 0)
 2 SYSTEMPATH\Database\BaseConnection.php(738): CodeIgniter\Database\MySQLi\Connection->execute('SELECT *
FROM `riwayat_pengajuan`
WHERE `manajer_id` = \'58\'')
 3 SYSTEMPATH\Database\BaseConnection.php(652): CodeIgniter\Database\BaseConnection->simpleQuery('SELECT *
FROM `riwayat_pengajuan`
WHERE `manajer_id` = \'58\'')
 4 SYSTEMPATH\Database\BaseBuilder.php(1649): CodeIgniter\Database\BaseConnection->query('SELECT *
FROM `riwayat_pengajuan`
WHERE `manajer_id` = :manajer_id:', [...], false)
 5 SYSTEMPATH\Model.php(286): CodeIgniter\Database\BaseBuilder->get()
 6 SYSTEMPATH\BaseModel.php(675): CodeIgniter\Model->doFindAll(0, 0)
 7 APPPATH\Controllers\Pengajuan.php(74): CodeIgniter\BaseModel->findAll()
 8 SYSTEMPATH\CodeIgniter.php(933): App\Controllers\Pengajuan->riwayatPengajuan()
 9 SYSTEMPATH\CodeIgniter.php(507): CodeIgniter\CodeIgniter->runController(Object(App\Controllers\Pengajuan))
10 SYSTEMPATH\CodeIgniter.php(354): CodeIgniter\CodeIgniter->handleRequest(null, Object(Config\Cache), false)
11 SYSTEMPATH\Boot.php(334): CodeIgniter\CodeIgniter->run()
12 SYSTEMPATH\Boot.php(67): CodeIgniter\Boot::runCodeIgniter(Object(CodeIgniter\CodeIgniter))
13 FCPATH\index.php(56): CodeIgniter\Boot::bootWeb(Object(Config\Paths))
14 SYSTEMPATH\rewrite.php(44): require_once('C:\\xampp\\htdocs\\kinerja.percobaan\\public\\index.php')
DEBUG - 2025-04-28 10:18:31 --> Session: Class initialized using 'CodeIgniter\Session\Handlers\FileHandler' driver.
DEBUG - 2025-04-28 10:18:33 --> Session: Class initialized using 'CodeIgniter\Session\Handlers\FileHandler' driver.
DEBUG - 2025-04-28 10:18:38 --> Session: Class initialized using 'CodeIgniter\Session\Handlers\FileHandler' driver.
DEBUG - 2025-04-28 10:54:51 --> Session: Class initialized using 'CodeIgniter\Session\Handlers\FileHandler' driver.
DEBUG - 2025-04-28 10:54:53 --> Session: Class initialized using 'CodeIgniter\Session\Handlers\FileHandler' driver.
DEBUG - 2025-04-28 10:55:01 --> Session: Class initialized using 'CodeIgniter\Session\Handlers\FileHandler' driver.
ERROR - 2025-04-28 10:55:01 --> mysqli_sql_exception: Unknown column 'created_at' in 'field list' in C:\xampp\htdocs\kinerja.percobaan\system\Database\MySQLi\Connection.php:327
Stack trace:
#0 C:\xampp\htdocs\kinerja.percobaan\system\Database\MySQLi\Connection.php(327): mysqli->query('INSERT INTO `pe...', 0)
#1 C:\xampp\htdocs\kinerja.percobaan\system\Database\BaseConnection.php(738): CodeIgniter\Database\MySQLi\Connection->execute('INSERT INTO `pe...')
#2 C:\xampp\htdocs\kinerja.percobaan\system\Database\BaseConnection.php(652): CodeIgniter\Database\BaseConnection->simpleQuery('INSERT INTO `pe...')
#3 C:\xampp\htdocs\kinerja.percobaan\system\Database\BaseBuilder.php(2345): CodeIgniter\Database\BaseConnection->query('INSERT INTO `pe...', Array, false)
#4 C:\xampp\htdocs\kinerja.percobaan\system\Model.php(394): CodeIgniter\Database\BaseBuilder->insert()
#5 C:\xampp\htdocs\kinerja.percobaan\system\BaseModel.php(839): CodeIgniter\Model->doInsert(Array)
#6 C:\xampp\htdocs\kinerja.percobaan\system\Model.php(800): CodeIgniter\BaseModel->insert(Array, false)
#7 C:\xampp\htdocs\kinerja.percobaan\system\BaseModel.php(750): CodeIgniter\Model->insert(Array, false)
#8 C:\xampp\htdocs\kinerja.percobaan\app\Controllers\Penilaian.php(41): CodeIgniter\BaseModel->save(Array)
#9 C:\xampp\htdocs\kinerja.percobaan\system\CodeIgniter.php(933): App\Controllers\Penilaian->savePenilaian()
#10 C:\xampp\htdocs\kinerja.percobaan\system\CodeIgniter.php(507): CodeIgniter\CodeIgniter->runController(Object(App\Controllers\Penilaian))
#11 C:\xampp\htdocs\kinerja.percobaan\system\CodeIgniter.php(354): CodeIgniter\CodeIgniter->handleRequest(NULL, Object(Config\Cache), false)
#12 C:\xampp\htdocs\kinerja.percobaan\system\Boot.php(334): CodeIgniter\CodeIgniter->run()
#13 C:\xampp\htdocs\kinerja.percobaan\system\Boot.php(67): CodeIgniter\Boot::runCodeIgniter(Object(CodeIgniter\CodeIgniter))
#14 C:\xampp\htdocs\kinerja.percobaan\public\index.php(56): CodeIgniter\Boot::bootWeb(Object(Config\Paths))
#15 C:\xampp\htdocs\kinerja.percobaan\system\rewrite.php(44): require_once('C:\\xampp\\htdocs...')
#16 {main}
CRITICAL - 2025-04-28 10:55:01 --> CodeIgniter\Database\Exceptions\DatabaseException: Unknown column 'created_at' in 'field list'
[Method: POST, Route: penilaian/savePenilaian]
in SYSTEMPATH\Database\BaseConnection.php on line 692.
 1 SYSTEMPATH\Database\BaseBuilder.php(2345): CodeIgniter\Database\BaseConnection->query('INSERT INTO `penilaian_pegawai` (`pegawai_id`, `manajer_id`, `nilai`, `catatan`, `created_at`, `updated_at`) VALUES (:pegawai_id:, :manajer_id:, :nilai:, :catatan:, :created_at:, :updated_at:)', [...], false)
 2 SYSTEMPATH\Model.php(394): CodeIgniter\Database\BaseBuilder->insert()
 3 SYSTEMPATH\BaseModel.php(839): CodeIgniter\Model->doInsert([...])
 4 SYSTEMPATH\Model.php(800): CodeIgniter\BaseModel->insert([...], false)
 5 SYSTEMPATH\BaseModel.php(750): CodeIgniter\Model->insert([...], false)
 6 APPPATH\Controllers\Penilaian.php(41): CodeIgniter\BaseModel->save([...])
 7 SYSTEMPATH\CodeIgniter.php(933): App\Controllers\Penilaian->savePenilaian()
 8 SYSTEMPATH\CodeIgniter.php(507): CodeIgniter\CodeIgniter->runController(Object(App\Controllers\Penilaian))
 9 SYSTEMPATH\CodeIgniter.php(354): CodeIgniter\CodeIgniter->handleRequest(null, Object(Config\Cache), false)
10 SYSTEMPATH\Boot.php(334): CodeIgniter\CodeIgniter->run()
11 SYSTEMPATH\Boot.php(67): CodeIgniter\Boot::runCodeIgniter(Object(CodeIgniter\CodeIgniter))
12 FCPATH\index.php(56): CodeIgniter\Boot::bootWeb(Object(Config\Paths))
13 SYSTEMPATH\rewrite.php(44): require_once('C:\\xampp\\htdocs\\kinerja.percobaan\\public\\index.php')
CRITICAL - 2025-04-28 10:55:01 --> [Caused by] CodeIgniter\Database\Exceptions\DatabaseException: Unknown column 'created_at' in 'field list'
in SYSTEMPATH\Database\MySQLi\Connection.php on line 332.
 1 SYSTEMPATH\Database\BaseConnection.php(738): CodeIgniter\Database\MySQLi\Connection->execute('INSERT INTO `penilaian_pegawai` (`pegawai_id`, `manajer_id`, `nilai`, `catatan`, `created_at`, `updated_at`) VALUES (\'57\', \'58\', \'5\', \'okelah\', \'2025-04-28 10:55:01\', \'2025-04-28 10:55:01\')')
 2 SYSTEMPATH\Database\BaseConnection.php(652): CodeIgniter\Database\BaseConnection->simpleQuery('INSERT INTO `penilaian_pegawai` (`pegawai_id`, `manajer_id`, `nilai`, `catatan`, `created_at`, `updated_at`) VALUES (\'57\', \'58\', \'5\', \'okelah\', \'2025-04-28 10:55:01\', \'2025-04-28 10:55:01\')')
 3 SYSTEMPATH\Database\BaseBuilder.php(2345): CodeIgniter\Database\BaseConnection->query('INSERT INTO `penilaian_pegawai` (`pegawai_id`, `manajer_id`, `nilai`, `catatan`, `created_at`, `updated_at`) VALUES (:pegawai_id:, :manajer_id:, :nilai:, :catatan:, :created_at:, :updated_at:)', [...], false)
 4 SYSTEMPATH\Model.php(394): CodeIgniter\Database\BaseBuilder->insert()
 5 SYSTEMPATH\BaseModel.php(839): CodeIgniter\Model->doInsert([...])
 6 SYSTEMPATH\Model.php(800): CodeIgniter\BaseModel->insert([...], false)
 7 SYSTEMPATH\BaseModel.php(750): CodeIgniter\Model->insert([...], false)
 8 APPPATH\Controllers\Penilaian.php(41): CodeIgniter\BaseModel->save([...])
 9 SYSTEMPATH\CodeIgniter.php(933): App\Controllers\Penilaian->savePenilaian()
10 SYSTEMPATH\CodeIgniter.php(507): CodeIgniter\CodeIgniter->runController(Object(App\Controllers\Penilaian))
11 SYSTEMPATH\CodeIgniter.php(354): CodeIgniter\CodeIgniter->handleRequest(null, Object(Config\Cache), false)
12 SYSTEMPATH\Boot.php(334): CodeIgniter\CodeIgniter->run()
13 SYSTEMPATH\Boot.php(67): CodeIgniter\Boot::runCodeIgniter(Object(CodeIgniter\CodeIgniter))
14 FCPATH\index.php(56): CodeIgniter\Boot::bootWeb(Object(Config\Paths))
15 SYSTEMPATH\rewrite.php(44): require_once('C:\\xampp\\htdocs\\kinerja.percobaan\\public\\index.php')
CRITICAL - 2025-04-28 10:55:01 --> [Caused by] mysqli_sql_exception: Unknown column 'created_at' in 'field list'
in SYSTEMPATH\Database\MySQLi\Connection.php on line 327.
 1 SYSTEMPATH\Database\MySQLi\Connection.php(327): mysqli->query('INSERT INTO `penilaian_pegawai` (`pegawai_id`, `manajer_id`, `nilai`, `catatan`, `created_at`, `updated_at`) VALUES (\'57\', \'58\', \'5\', \'okelah\', \'2025-04-28 10:55:01\', \'2025-04-28 10:55:01\')', 0)
 2 SYSTEMPATH\Database\BaseConnection.php(738): CodeIgniter\Database\MySQLi\Connection->execute('INSERT INTO `penilaian_pegawai` (`pegawai_id`, `manajer_id`, `nilai`, `catatan`, `created_at`, `updated_at`) VALUES (\'57\', \'58\', \'5\', \'okelah\', \'2025-04-28 10:55:01\', \'2025-04-28 10:55:01\')')
 3 SYSTEMPATH\Database\BaseConnection.php(652): CodeIgniter\Database\BaseConnection->simpleQuery('INSERT INTO `penilaian_pegawai` (`pegawai_id`, `manajer_id`, `nilai`, `catatan`, `created_at`, `updated_at`) VALUES (\'57\', \'58\', \'5\', \'okelah\', \'2025-04-28 10:55:01\', \'2025-04-28 10:55:01\')')
 4 SYSTEMPATH\Database\BaseBuilder.php(2345): CodeIgniter\Database\BaseConnection->query('INSERT INTO `penilaian_pegawai` (`pegawai_id`, `manajer_id`, `nilai`, `catatan`, `created_at`, `updated_at`) VALUES (:pegawai_id:, :manajer_id:, :nilai:, :catatan:, :created_at:, :updated_at:)', [...], false)
 5 SYSTEMPATH\Model.php(394): CodeIgniter\Database\BaseBuilder->insert()
 6 SYSTEMPATH\BaseModel.php(839): CodeIgniter\Model->doInsert([...])
 7 SYSTEMPATH\Model.php(800): CodeIgniter\BaseModel->insert([...], false)
 8 SYSTEMPATH\BaseModel.php(750): CodeIgniter\Model->insert([...], false)
 9 APPPATH\Controllers\Penilaian.php(41): CodeIgniter\BaseModel->save([...])
10 SYSTEMPATH\CodeIgniter.php(933): App\Controllers\Penilaian->savePenilaian()
11 SYSTEMPATH\CodeIgniter.php(507): CodeIgniter\CodeIgniter->runController(Object(App\Controllers\Penilaian))
12 SYSTEMPATH\CodeIgniter.php(354): CodeIgniter\CodeIgniter->handleRequest(null, Object(Config\Cache), false)
13 SYSTEMPATH\Boot.php(334): CodeIgniter\CodeIgniter->run()
14 SYSTEMPATH\Boot.php(67): CodeIgniter\Boot::runCodeIgniter(Object(CodeIgniter\CodeIgniter))
15 FCPATH\index.php(56): CodeIgniter\Boot::bootWeb(Object(Config\Paths))
16 SYSTEMPATH\rewrite.php(44): require_once('C:\\xampp\\htdocs\\kinerja.percobaan\\public\\index.php')
DEBUG - 2025-04-28 10:55:18 --> Session: Class initialized using 'CodeIgniter\Session\Handlers\FileHandler' driver.
ERROR - 2025-04-28 10:55:18 --> mysqli_sql_exception: Unknown column 'updated_at' in 'field list' in C:\xampp\htdocs\kinerja.percobaan\system\Database\MySQLi\Connection.php:327
Stack trace:
#0 C:\xampp\htdocs\kinerja.percobaan\system\Database\MySQLi\Connection.php(327): mysqli->query('INSERT INTO `pe...', 0)
#1 C:\xampp\htdocs\kinerja.percobaan\system\Database\BaseConnection.php(738): CodeIgniter\Database\MySQLi\Connection->execute('INSERT INTO `pe...')
#2 C:\xampp\htdocs\kinerja.percobaan\system\Database\BaseConnection.php(652): CodeIgniter\Database\BaseConnection->simpleQuery('INSERT INTO `pe...')
#3 C:\xampp\htdocs\kinerja.percobaan\system\Database\BaseBuilder.php(2345): CodeIgniter\Database\BaseConnection->query('INSERT INTO `pe...', Array, false)
#4 C:\xampp\htdocs\kinerja.percobaan\system\Model.php(394): CodeIgniter\Database\BaseBuilder->insert()
#5 C:\xampp\htdocs\kinerja.percobaan\system\BaseModel.php(839): CodeIgniter\Model->doInsert(Array)
#6 C:\xampp\htdocs\kinerja.percobaan\system\Model.php(800): CodeIgniter\BaseModel->insert(Array, false)
#7 C:\xampp\htdocs\kinerja.percobaan\system\BaseModel.php(750): CodeIgniter\Model->insert(Array, false)
#8 C:\xampp\htdocs\kinerja.percobaan\app\Controllers\Penilaian.php(41): CodeIgniter\BaseModel->save(Array)
#9 C:\xampp\htdocs\kinerja.percobaan\system\CodeIgniter.php(933): App\Controllers\Penilaian->savePenilaian()
#10 C:\xampp\htdocs\kinerja.percobaan\system\CodeIgniter.php(507): CodeIgniter\CodeIgniter->runController(Object(App\Controllers\Penilaian))
#11 C:\xampp\htdocs\kinerja.percobaan\system\CodeIgniter.php(354): CodeIgniter\CodeIgniter->handleRequest(NULL, Object(Config\Cache), false)
#12 C:\xampp\htdocs\kinerja.percobaan\system\Boot.php(334): CodeIgniter\CodeIgniter->run()
#13 C:\xampp\htdocs\kinerja.percobaan\system\Boot.php(67): CodeIgniter\Boot::runCodeIgniter(Object(CodeIgniter\CodeIgniter))
#14 C:\xampp\htdocs\kinerja.percobaan\public\index.php(56): CodeIgniter\Boot::bootWeb(Object(Config\Paths))
#15 C:\xampp\htdocs\kinerja.percobaan\system\rewrite.php(44): require_once('C:\\xampp\\htdocs...')
#16 {main}
CRITICAL - 2025-04-28 10:55:18 --> CodeIgniter\Database\Exceptions\DatabaseException: Unknown column 'updated_at' in 'field list'
[Method: POST, Route: penilaian/savePenilaian]
in SYSTEMPATH\Database\BaseConnection.php on line 692.
 1 SYSTEMPATH\Database\BaseBuilder.php(2345): CodeIgniter\Database\BaseConnection->query('INSERT INTO `penilaian_pegawai` (`pegawai_id`, `manajer_id`, `nilai`, `catatan`, `created_at`, `updated_at`) VALUES (:pegawai_id:, :manajer_id:, :nilai:, :catatan:, :created_at:, :updated_at:)', [...], false)
 2 SYSTEMPATH\Model.php(394): CodeIgniter\Database\BaseBuilder->insert()
 3 SYSTEMPATH\BaseModel.php(839): CodeIgniter\Model->doInsert([...])
 4 SYSTEMPATH\Model.php(800): CodeIgniter\BaseModel->insert([...], false)
 5 SYSTEMPATH\BaseModel.php(750): CodeIgniter\Model->insert([...], false)
 6 APPPATH\Controllers\Penilaian.php(41): CodeIgniter\BaseModel->save([...])
 7 SYSTEMPATH\CodeIgniter.php(933): App\Controllers\Penilaian->savePenilaian()
 8 SYSTEMPATH\CodeIgniter.php(507): CodeIgniter\CodeIgniter->runController(Object(App\Controllers\Penilaian))
 9 SYSTEMPATH\CodeIgniter.php(354): CodeIgniter\CodeIgniter->handleRequest(null, Object(Config\Cache), false)
10 SYSTEMPATH\Boot.php(334): CodeIgniter\CodeIgniter->run()
11 SYSTEMPATH\Boot.php(67): CodeIgniter\Boot::runCodeIgniter(Object(CodeIgniter\CodeIgniter))
12 FCPATH\index.php(56): CodeIgniter\Boot::bootWeb(Object(Config\Paths))
13 SYSTEMPATH\rewrite.php(44): require_once('C:\\xampp\\htdocs\\kinerja.percobaan\\public\\index.php')
CRITICAL - 2025-04-28 10:55:18 --> [Caused by] CodeIgniter\Database\Exceptions\DatabaseException: Unknown column 'updated_at' in 'field list'
in SYSTEMPATH\Database\MySQLi\Connection.php on line 332.
 1 SYSTEMPATH\Database\BaseConnection.php(738): CodeIgniter\Database\MySQLi\Connection->execute('INSERT INTO `penilaian_pegawai` (`pegawai_id`, `manajer_id`, `nilai`, `catatan`, `created_at`, `updated_at`) VALUES (\'57\', \'58\', \'5\', \'okelah\', \'2025-04-28 10:55:18\', \'2025-04-28 10:55:18\')')
 2 SYSTEMPATH\Database\BaseConnection.php(652): CodeIgniter\Database\BaseConnection->simpleQuery('INSERT INTO `penilaian_pegawai` (`pegawai_id`, `manajer_id`, `nilai`, `catatan`, `created_at`, `updated_at`) VALUES (\'57\', \'58\', \'5\', \'okelah\', \'2025-04-28 10:55:18\', \'2025-04-28 10:55:18\')')
 3 SYSTEMPATH\Database\BaseBuilder.php(2345): CodeIgniter\Database\BaseConnection->query('INSERT INTO `penilaian_pegawai` (`pegawai_id`, `manajer_id`, `nilai`, `catatan`, `created_at`, `updated_at`) VALUES (:pegawai_id:, :manajer_id:, :nilai:, :catatan:, :created_at:, :updated_at:)', [...], false)
 4 SYSTEMPATH\Model.php(394): CodeIgniter\Database\BaseBuilder->insert()
 5 SYSTEMPATH\BaseModel.php(839): CodeIgniter\Model->doInsert([...])
 6 SYSTEMPATH\Model.php(800): CodeIgniter\BaseModel->insert([...], false)
 7 SYSTEMPATH\BaseModel.php(750): CodeIgniter\Model->insert([...], false)
 8 APPPATH\Controllers\Penilaian.php(41): CodeIgniter\BaseModel->save([...])
 9 SYSTEMPATH\CodeIgniter.php(933): App\Controllers\Penilaian->savePenilaian()
10 SYSTEMPATH\CodeIgniter.php(507): CodeIgniter\CodeIgniter->runController(Object(App\Controllers\Penilaian))
11 SYSTEMPATH\CodeIgniter.php(354): CodeIgniter\CodeIgniter->handleRequest(null, Object(Config\Cache), false)
12 SYSTEMPATH\Boot.php(334): CodeIgniter\CodeIgniter->run()
13 SYSTEMPATH\Boot.php(67): CodeIgniter\Boot::runCodeIgniter(Object(CodeIgniter\CodeIgniter))
14 FCPATH\index.php(56): CodeIgniter\Boot::bootWeb(Object(Config\Paths))
15 SYSTEMPATH\rewrite.php(44): require_once('C:\\xampp\\htdocs\\kinerja.percobaan\\public\\index.php')
CRITICAL - 2025-04-28 10:55:18 --> [Caused by] mysqli_sql_exception: Unknown column 'updated_at' in 'field list'
in SYSTEMPATH\Database\MySQLi\Connection.php on line 327.
 1 SYSTEMPATH\Database\MySQLi\Connection.php(327): mysqli->query('INSERT INTO `penilaian_pegawai` (`pegawai_id`, `manajer_id`, `nilai`, `catatan`, `created_at`, `updated_at`) VALUES (\'57\', \'58\', \'5\', \'okelah\', \'2025-04-28 10:55:18\', \'2025-04-28 10:55:18\')', 0)
 2 SYSTEMPATH\Database\BaseConnection.php(738): CodeIgniter\Database\MySQLi\Connection->execute('INSERT INTO `penilaian_pegawai` (`pegawai_id`, `manajer_id`, `nilai`, `catatan`, `created_at`, `updated_at`) VALUES (\'57\', \'58\', \'5\', \'okelah\', \'2025-04-28 10:55:18\', \'2025-04-28 10:55:18\')')
 3 SYSTEMPATH\Database\BaseConnection.php(652): CodeIgniter\Database\BaseConnection->simpleQuery('INSERT INTO `penilaian_pegawai` (`pegawai_id`, `manajer_id`, `nilai`, `catatan`, `created_at`, `updated_at`) VALUES (\'57\', \'58\', \'5\', \'okelah\', \'2025-04-28 10:55:18\', \'2025-04-28 10:55:18\')')
 4 SYSTEMPATH\Database\BaseBuilder.php(2345): CodeIgniter\Database\BaseConnection->query('INSERT INTO `penilaian_pegawai` (`pegawai_id`, `manajer_id`, `nilai`, `catatan`, `created_at`, `updated_at`) VALUES (:pegawai_id:, :manajer_id:, :nilai:, :catatan:, :created_at:, :updated_at:)', [...], false)
 5 SYSTEMPATH\Model.php(394): CodeIgniter\Database\BaseBuilder->insert()
 6 SYSTEMPATH\BaseModel.php(839): CodeIgniter\Model->doInsert([...])
 7 SYSTEMPATH\Model.php(800): CodeIgniter\BaseModel->insert([...], false)
 8 SYSTEMPATH\BaseModel.php(750): CodeIgniter\Model->insert([...], false)
 9 APPPATH\Controllers\Penilaian.php(41): CodeIgniter\BaseModel->save([...])
10 SYSTEMPATH\CodeIgniter.php(933): App\Controllers\Penilaian->savePenilaian()
11 SYSTEMPATH\CodeIgniter.php(507): CodeIgniter\CodeIgniter->runController(Object(App\Controllers\Penilaian))
12 SYSTEMPATH\CodeIgniter.php(354): CodeIgniter\CodeIgniter->handleRequest(null, Object(Config\Cache), false)
13 SYSTEMPATH\Boot.php(334): CodeIgniter\CodeIgniter->run()
14 SYSTEMPATH\Boot.php(67): CodeIgniter\Boot::runCodeIgniter(Object(CodeIgniter\CodeIgniter))
15 FCPATH\index.php(56): CodeIgniter\Boot::bootWeb(Object(Config\Paths))
16 SYSTEMPATH\rewrite.php(44): require_once('C:\\xampp\\htdocs\\kinerja.percobaan\\public\\index.php')
DEBUG - 2025-04-28 10:55:33 --> Session: Class initialized using 'CodeIgniter\Session\Handlers\FileHandler' driver.
DEBUG - 2025-04-28 10:55:33 --> Session: Class initialized using 'CodeIgniter\Session\Handlers\FileHandler' driver.
DEBUG - 2025-04-28 10:56:00 --> Session: Class initialized using 'CodeIgniter\Session\Handlers\FileHandler' driver.
DEBUG - 2025-04-28 10:56:00 --> Session: Class initialized using 'CodeIgniter\Session\Handlers\FileHandler' driver.
DEBUG - 2025-04-28 10:56:03 --> Session: Class initialized using 'CodeIgniter\Session\Handlers\FileHandler' driver.
DEBUG - 2025-04-28 12:25:04 --> Session: Class initialized using 'CodeIgniter\Session\Handlers\FileHandler' driver.
DEBUG - 2025-04-28 12:25:22 --> Session: Class initialized using 'CodeIgniter\Session\Handlers\FileHandler' driver.
DEBUG - 2025-04-28 12:25:24 --> Session: Class initialized using 'CodeIgniter\Session\Handlers\FileHandler' driver.
DEBUG - 2025-04-28 12:32:57 --> Session: Class initialized using 'CodeIgniter\Session\Handlers\FileHandler' driver.
DEBUG - 2025-04-28 12:33:00 --> Session: Class initialized using 'CodeIgniter\Session\Handlers\FileHandler' driver.
DEBUG - 2025-04-28 12:33:09 --> Session: Class initialized using 'CodeIgniter\Session\Handlers\FileHandler' driver.
DEBUG - 2025-04-28 12:33:15 --> Session: Class initialized using 'CodeIgniter\Session\Handlers\FileHandler' driver.
DEBUG - 2025-04-28 12:33:17 --> Session: Class initialized using 'CodeIgniter\Session\Handlers\FileHandler' driver.
DEBUG - 2025-04-28 12:47:08 --> Session: Class initialized using 'CodeIgniter\Session\Handlers\FileHandler' driver.
DEBUG - 2025-04-28 12:47:10 --> Session: Class initialized using 'CodeIgniter\Session\Handlers\FileHandler' driver.
CRITICAL - 2025-04-28 12:47:10 --> ErrorException: Undefined array key "id"
[Method: GET, Route: laporan_kerja/riwayat]
in APPPATH\Views\laporan_kerja\riwayat.php on line 140.
 1 APPPATH\Views\laporan_kerja\riwayat.php(140): CodeIgniter\Debug\Exceptions->errorHandler(2, 'Undefined array key "id"', 'C:\\xampp\\htdocs\\kinerja.percobaan\\app\\Views\\laporan_kerja\\riwayat.php', 140)
 2 SYSTEMPATH\View\View.php(224): include('C:\\xampp\\htdocs\\kinerja.percobaan\\app\\Views\\laporan_kerja\\riwayat.php')
 3 SYSTEMPATH\View\View.php(227): CodeIgniter\View\View->CodeIgniter\View\{closure}()
 4 SYSTEMPATH\View\View.php(475): CodeIgniter\View\View->render('laporan_kerja/riwayat', null, true)
 5 APPPATH\Views\dashboard\layouts\rwyt_laporankerja.php(4): CodeIgniter\View\View->include('laporan_kerja/riwayat')
 6 SYSTEMPATH\View\View.php(224): include('C:\\xampp\\htdocs\\kinerja.percobaan\\app\\Views\\dashboard\\layouts\\rwyt_laporankerja.php')
 7 SYSTEMPATH\View\View.php(227): CodeIgniter\View\View->CodeIgniter\View\{closure}()
 8 SYSTEMPATH\Common.php(1173): CodeIgniter\View\View->render('dashboard/layouts/rwyt_laporankerja', [], true)
 9 APPPATH\Controllers\LaporanKerja.php(61): view('dashboard/layouts/rwyt_laporankerja', [...])
10 SYSTEMPATH\CodeIgniter.php(933): App\Controllers\LaporanKerja->riwayat()
11 SYSTEMPATH\CodeIgniter.php(507): CodeIgniter\CodeIgniter->runController(Object(App\Controllers\LaporanKerja))
12 SYSTEMPATH\CodeIgniter.php(354): CodeIgniter\CodeIgniter->handleRequest(null, Object(Config\Cache), false)
13 SYSTEMPATH\Boot.php(334): CodeIgniter\CodeIgniter->run()
14 SYSTEMPATH\Boot.php(67): CodeIgniter\Boot::runCodeIgniter(Object(CodeIgniter\CodeIgniter))
15 FCPATH\index.php(56): CodeIgniter\Boot::bootWeb(Object(Config\Paths))
16 SYSTEMPATH\rewrite.php(44): require_once('C:\\xampp\\htdocs\\kinerja.percobaan\\public\\index.php')
DEBUG - 2025-04-28 12:47:13 --> Session: Class initialized using 'CodeIgniter\Session\Handlers\FileHandler' driver.
DEBUG - 2025-04-28 12:47:16 --> Session: Class initialized using 'CodeIgniter\Session\Handlers\FileHandler' driver.
CRITICAL - 2025-04-28 12:47:16 --> ErrorException: Undefined array key "id"
[Method: GET, Route: laporan_kerja/riwayat]
in APPPATH\Views\laporan_kerja\riwayat.php on line 140.
 1 APPPATH\Views\laporan_kerja\riwayat.php(140): CodeIgniter\Debug\Exceptions->errorHandler(2, 'Undefined array key "id"', 'C:\\xampp\\htdocs\\kinerja.percobaan\\app\\Views\\laporan_kerja\\riwayat.php', 140)
 2 SYSTEMPATH\View\View.php(224): include('C:\\xampp\\htdocs\\kinerja.percobaan\\app\\Views\\laporan_kerja\\riwayat.php')
 3 SYSTEMPATH\View\View.php(227): CodeIgniter\View\View->CodeIgniter\View\{closure}()
 4 SYSTEMPATH\View\View.php(475): CodeIgniter\View\View->render('laporan_kerja/riwayat', null, true)
 5 APPPATH\Views\dashboard\layouts\rwyt_laporankerja.php(4): CodeIgniter\View\View->include('laporan_kerja/riwayat')
 6 SYSTEMPATH\View\View.php(224): include('C:\\xampp\\htdocs\\kinerja.percobaan\\app\\Views\\dashboard\\layouts\\rwyt_laporankerja.php')
 7 SYSTEMPATH\View\View.php(227): CodeIgniter\View\View->CodeIgniter\View\{closure}()
 8 SYSTEMPATH\Common.php(1173): CodeIgniter\View\View->render('dashboard/layouts/rwyt_laporankerja', [], true)
 9 APPPATH\Controllers\LaporanKerja.php(61): view('dashboard/layouts/rwyt_laporankerja', [...])
10 SYSTEMPATH\CodeIgniter.php(933): App\Controllers\LaporanKerja->riwayat()
11 SYSTEMPATH\CodeIgniter.php(507): CodeIgniter\CodeIgniter->runController(Object(App\Controllers\LaporanKerja))
12 SYSTEMPATH\CodeIgniter.php(354): CodeIgniter\CodeIgniter->handleRequest(null, Object(Config\Cache), false)
13 SYSTEMPATH\Boot.php(334): CodeIgniter\CodeIgniter->run()
14 SYSTEMPATH\Boot.php(67): CodeIgniter\Boot::runCodeIgniter(Object(CodeIgniter\CodeIgniter))
15 FCPATH\index.php(56): CodeIgniter\Boot::bootWeb(Object(Config\Paths))
16 SYSTEMPATH\rewrite.php(44): require_once('C:\\xampp\\htdocs\\kinerja.percobaan\\public\\index.php')
DEBUG - 2025-04-28 13:33:24 --> Session: Class initialized using 'CodeIgniter\Session\Handlers\FileHandler' driver.
DEBUG - 2025-04-28 13:33:37 --> Session: Class initialized using 'CodeIgniter\Session\Handlers\FileHandler' driver.
DEBUG - 2025-04-28 13:33:39 --> Session: Class initialized using 'CodeIgniter\Session\Handlers\FileHandler' driver.
DEBUG - 2025-04-28 13:33:43 --> Session: Class initialized using 'CodeIgniter\Session\Handlers\FileHandler' driver.
DEBUG - 2025-04-28 13:33:45 --> Session: Class initialized using 'CodeIgniter\Session\Handlers\FileHandler' driver.
DEBUG - 2025-04-28 13:34:13 --> Session: Class initialized using 'CodeIgniter\Session\Handlers\FileHandler' driver.
DEBUG - 2025-04-28 13:34:36 --> Session: Class initialized using 'CodeIgniter\Session\Handlers\FileHandler' driver.
DEBUG - 2025-04-28 13:34:57 --> Session: Class initialized using 'CodeIgniter\Session\Handlers\FileHandler' driver.
DEBUG - 2025-04-28 13:35:36 --> Session: Class initialized using 'CodeIgniter\Session\Handlers\FileHandler' driver.
DEBUG - 2025-04-28 13:35:52 --> Session: Class initialized using 'CodeIgniter\Session\Handlers\FileHandler' driver.
DEBUG - 2025-04-28 13:36:55 --> Session: Class initialized using 'CodeIgniter\Session\Handlers\FileHandler' driver.
DEBUG - 2025-04-28 13:37:48 --> Session: Class initialized using 'CodeIgniter\Session\Handlers\FileHandler' driver.
DEBUG - 2025-04-28 13:37:51 --> Session: Class initialized using 'CodeIgniter\Session\Handlers\FileHandler' driver.
DEBUG - 2025-04-28 13:37:55 --> Session: Class initialized using 'CodeIgniter\Session\Handlers\FileHandler' driver.
DEBUG - 2025-04-28 13:43:02 --> Session: Class initialized using 'CodeIgniter\Session\Handlers\FileHandler' driver.
DEBUG - 2025-04-28 13:43:51 --> Session: Class initialized using 'CodeIgniter\Session\Handlers\FileHandler' driver.
DEBUG - 2025-04-28 13:45:06 --> Session: Class initialized using 'CodeIgniter\Session\Handlers\FileHandler' driver.
DEBUG - 2025-04-28 13:45:11 --> Session: Class initialized using 'CodeIgniter\Session\Handlers\FileHandler' driver.
DEBUG - 2025-04-28 13:49:40 --> Session: Class initialized using 'CodeIgniter\Session\Handlers\FileHandler' driver.
DEBUG - 2025-04-28 13:49:42 --> Session: Class initialized using 'CodeIgniter\Session\Handlers\FileHandler' driver.
DEBUG - 2025-04-28 13:49:44 --> Session: Class initialized using 'CodeIgniter\Session\Handlers\FileHandler' driver.
DEBUG - 2025-04-28 13:54:32 --> Session: Class initialized using 'CodeIgniter\Session\Handlers\FileHandler' driver.
CRITICAL - 2025-04-28 13:54:36 --> ErrorException: Array to string conversion
[Method: GET, Route: laporan_kerja/edit/57]
in SYSTEMPATH\Model.php on line 209.
 1 SYSTEMPATH\Model.php(209): CodeIgniter\Debug\Exceptions->errorHandler(2, 'Array to string conversion', 'C:\\xampp\\htdocs\\kinerja.percobaan\\system\\Model.php', 209)
 2 SYSTEMPATH\BaseModel.php(609): CodeIgniter\Model->doFind(true, '57')
 3 APPPATH\Controllers\LaporanKerja.php(78): CodeIgniter\BaseModel->find('57')
 4 SYSTEMPATH\CodeIgniter.php(933): App\Controllers\LaporanKerja->edit('57')
 5 SYSTEMPATH\CodeIgniter.php(507): CodeIgniter\CodeIgniter->runController(Object(App\Controllers\LaporanKerja))
 6 SYSTEMPATH\CodeIgniter.php(354): CodeIgniter\CodeIgniter->handleRequest(null, Object(Config\Cache), false)
 7 SYSTEMPATH\Boot.php(334): CodeIgniter\CodeIgniter->run()
 8 SYSTEMPATH\Boot.php(67): CodeIgniter\Boot::runCodeIgniter(Object(CodeIgniter\CodeIgniter))
 9 FCPATH\index.php(56): CodeIgniter\Boot::bootWeb(Object(Config\Paths))
10 SYSTEMPATH\rewrite.php(44): require_once('C:\\xampp\\htdocs\\kinerja.percobaan\\public\\index.php')
CRITICAL - 2025-04-28 13:57:43 --> ErrorException: Array to string conversion
[Method: GET, Route: laporan_kerja/edit/57]
in SYSTEMPATH\Model.php on line 209.
 1 SYSTEMPATH\Model.php(209): CodeIgniter\Debug\Exceptions->errorHandler(2, 'Array to string conversion', 'C:\\xampp\\htdocs\\kinerja.percobaan\\system\\Model.php', 209)
 2 SYSTEMPATH\BaseModel.php(609): CodeIgniter\Model->doFind(true, '57')
 3 APPPATH\Controllers\LaporanKerja.php(78): CodeIgniter\BaseModel->find('57')
 4 SYSTEMPATH\CodeIgniter.php(933): App\Controllers\LaporanKerja->edit('57')
 5 SYSTEMPATH\CodeIgniter.php(507): CodeIgniter\CodeIgniter->runController(Object(App\Controllers\LaporanKerja))
 6 SYSTEMPATH\CodeIgniter.php(354): CodeIgniter\CodeIgniter->handleRequest(null, Object(Config\Cache), false)
 7 SYSTEMPATH\Boot.php(334): CodeIgniter\CodeIgniter->run()
 8 SYSTEMPATH\Boot.php(67): CodeIgniter\Boot::runCodeIgniter(Object(CodeIgniter\CodeIgniter))
 9 FCPATH\index.php(56): CodeIgniter\Boot::bootWeb(Object(Config\Paths))
10 SYSTEMPATH\rewrite.php(44): require_once('C:\\xampp\\htdocs\\kinerja.percobaan\\public\\index.php')
DEBUG - 2025-04-28 13:57:45 --> Session: Class initialized using 'CodeIgniter\Session\Handlers\FileHandler' driver.
DEBUG - 2025-04-28 13:57:49 --> Session: Class initialized using 'CodeIgniter\Session\Handlers\FileHandler' driver.
CRITICAL - 2025-04-28 13:57:52 --> ErrorException: Array to string conversion
[Method: GET, Route: laporan_kerja/edit/57]
in SYSTEMPATH\Model.php on line 209.
 1 SYSTEMPATH\Model.php(209): CodeIgniter\Debug\Exceptions->errorHandler(2, 'Array to string conversion', 'C:\\xampp\\htdocs\\kinerja.percobaan\\system\\Model.php', 209)
 2 SYSTEMPATH\BaseModel.php(609): CodeIgniter\Model->doFind(true, '57')
 3 APPPATH\Controllers\LaporanKerja.php(78): CodeIgniter\BaseModel->find('57')
 4 SYSTEMPATH\CodeIgniter.php(933): App\Controllers\LaporanKerja->edit('57')
 5 SYSTEMPATH\CodeIgniter.php(507): CodeIgniter\CodeIgniter->runController(Object(App\Controllers\LaporanKerja))
 6 SYSTEMPATH\CodeIgniter.php(354): CodeIgniter\CodeIgniter->handleRequest(null, Object(Config\Cache), false)
 7 SYSTEMPATH\Boot.php(334): CodeIgniter\CodeIgniter->run()
 8 SYSTEMPATH\Boot.php(67): CodeIgniter\Boot::runCodeIgniter(Object(CodeIgniter\CodeIgniter))
 9 FCPATH\index.php(56): CodeIgniter\Boot::bootWeb(Object(Config\Paths))
10 SYSTEMPATH\rewrite.php(44): require_once('C:\\xampp\\htdocs\\kinerja.percobaan\\public\\index.php')
CRITICAL - 2025-04-28 13:59:35 --> ErrorException: Array to string conversion
[Method: GET, Route: laporan_kerja/edit/57]
in SYSTEMPATH\Model.php on line 209.
 1 SYSTEMPATH\Model.php(209): CodeIgniter\Debug\Exceptions->errorHandler(2, 'Array to string conversion', 'C:\\xampp\\htdocs\\kinerja.percobaan\\system\\Model.php', 209)
 2 SYSTEMPATH\BaseModel.php(609): CodeIgniter\Model->doFind(true, '57')
 3 APPPATH\Controllers\LaporanKerja.php(77): CodeIgniter\BaseModel->find('57')
 4 SYSTEMPATH\CodeIgniter.php(933): App\Controllers\LaporanKerja->edit('57')
 5 SYSTEMPATH\CodeIgniter.php(507): CodeIgniter\CodeIgniter->runController(Object(App\Controllers\LaporanKerja))
 6 SYSTEMPATH\CodeIgniter.php(354): CodeIgniter\CodeIgniter->handleRequest(null, Object(Config\Cache), false)
 7 SYSTEMPATH\Boot.php(334): CodeIgniter\CodeIgniter->run()
 8 SYSTEMPATH\Boot.php(67): CodeIgniter\Boot::runCodeIgniter(Object(CodeIgniter\CodeIgniter))
 9 FCPATH\index.php(56): CodeIgniter\Boot::bootWeb(Object(Config\Paths))
10 SYSTEMPATH\rewrite.php(44): require_once('C:\\xampp\\htdocs\\kinerja.percobaan\\public\\index.php')
CRITICAL - 2025-04-28 13:59:39 --> ErrorException: Array to string conversion
[Method: GET, Route: laporan_kerja/edit/57]
in SYSTEMPATH\Model.php on line 209.
 1 SYSTEMPATH\Model.php(209): CodeIgniter\Debug\Exceptions->errorHandler(2, 'Array to string conversion', 'C:\\xampp\\htdocs\\kinerja.percobaan\\system\\Model.php', 209)
 2 SYSTEMPATH\BaseModel.php(609): CodeIgniter\Model->doFind(true, '57')
 3 APPPATH\Controllers\LaporanKerja.php(77): CodeIgniter\BaseModel->find('57')
 4 SYSTEMPATH\CodeIgniter.php(933): App\Controllers\LaporanKerja->edit('57')
 5 SYSTEMPATH\CodeIgniter.php(507): CodeIgniter\CodeIgniter->runController(Object(App\Controllers\LaporanKerja))
 6 SYSTEMPATH\CodeIgniter.php(354): CodeIgniter\CodeIgniter->handleRequest(null, Object(Config\Cache), false)
 7 SYSTEMPATH\Boot.php(334): CodeIgniter\CodeIgniter->run()
 8 SYSTEMPATH\Boot.php(67): CodeIgniter\Boot::runCodeIgniter(Object(CodeIgniter\CodeIgniter))
 9 FCPATH\index.php(56): CodeIgniter\Boot::bootWeb(Object(Config\Paths))
10 SYSTEMPATH\rewrite.php(44): require_once('C:\\xampp\\htdocs\\kinerja.percobaan\\public\\index.php')
DEBUG - 2025-04-28 14:05:39 --> Session: Class initialized using 'CodeIgniter\Session\Handlers\FileHandler' driver.
DEBUG - 2025-04-28 14:05:42 --> Session: Class initialized using 'CodeIgniter\Session\Handlers\FileHandler' driver.
CRITICAL - 2025-04-28 14:05:48 --> ErrorException: Array to string conversion
[Method: GET, Route: laporan_kerja/edit/57]
in SYSTEMPATH\Model.php on line 209.
 1 SYSTEMPATH\Model.php(209): CodeIgniter\Debug\Exceptions->errorHandler(2, 'Array to string conversion', 'C:\\xampp\\htdocs\\kinerja.percobaan\\system\\Model.php', 209)
 2 SYSTEMPATH\BaseModel.php(609): CodeIgniter\Model->doFind(true, '57')
 3 APPPATH\Controllers\LaporanKerja.php(77): CodeIgniter\BaseModel->find('57')
 4 SYSTEMPATH\CodeIgniter.php(933): App\Controllers\LaporanKerja->edit('57')
 5 SYSTEMPATH\CodeIgniter.php(507): CodeIgniter\CodeIgniter->runController(Object(App\Controllers\LaporanKerja))
 6 SYSTEMPATH\CodeIgniter.php(354): CodeIgniter\CodeIgniter->handleRequest(null, Object(Config\Cache), false)
 7 SYSTEMPATH\Boot.php(334): CodeIgniter\CodeIgniter->run()
 8 SYSTEMPATH\Boot.php(67): CodeIgniter\Boot::runCodeIgniter(Object(CodeIgniter\CodeIgniter))
 9 FCPATH\index.php(56): CodeIgniter\Boot::bootWeb(Object(Config\Paths))
10 SYSTEMPATH\rewrite.php(44): require_once('C:\\xampp\\htdocs\\kinerja.percobaan\\public\\index.php')
CRITICAL - 2025-04-28 14:05:58 --> ErrorException: Array to string conversion
[Method: GET, Route: laporan_kerja/edit/100]
in SYSTEMPATH\Model.php on line 209.
 1 SYSTEMPATH\Model.php(209): CodeIgniter\Debug\Exceptions->errorHandler(2, 'Array to string conversion', 'C:\\xampp\\htdocs\\kinerja.percobaan\\system\\Model.php', 209)
 2 SYSTEMPATH\BaseModel.php(609): CodeIgniter\Model->doFind(true, '100')
 3 APPPATH\Controllers\LaporanKerja.php(77): CodeIgniter\BaseModel->find('100')
 4 SYSTEMPATH\CodeIgniter.php(933): App\Controllers\LaporanKerja->edit('100')
 5 SYSTEMPATH\CodeIgniter.php(507): CodeIgniter\CodeIgniter->runController(Object(App\Controllers\LaporanKerja))
 6 SYSTEMPATH\CodeIgniter.php(354): CodeIgniter\CodeIgniter->handleRequest(null, Object(Config\Cache), false)
 7 SYSTEMPATH\Boot.php(334): CodeIgniter\CodeIgniter->run()
 8 SYSTEMPATH\Boot.php(67): CodeIgniter\Boot::runCodeIgniter(Object(CodeIgniter\CodeIgniter))
 9 FCPATH\index.php(56): CodeIgniter\Boot::bootWeb(Object(Config\Paths))
10 SYSTEMPATH\rewrite.php(44): require_once('C:\\xampp\\htdocs\\kinerja.percobaan\\public\\index.php')
DEBUG - 2025-04-28 14:10:02 --> Session: Class initialized using 'CodeIgniter\Session\Handlers\FileHandler' driver.
DEBUG - 2025-04-28 14:11:35 --> Session: Class initialized using 'CodeIgniter\Session\Handlers\FileHandler' driver.
DEBUG - 2025-04-28 14:11:40 --> Session: Class initialized using 'CodeIgniter\Session\Handlers\FileHandler' driver.
DEBUG - 2025-04-28 14:11:42 --> Session: Class initialized using 'CodeIgniter\Session\Handlers\FileHandler' driver.
DEBUG - 2025-04-28 14:12:47 --> Session: Class initialized using 'CodeIgniter\Session\Handlers\FileHandler' driver.
CRITICAL - 2025-04-28 14:12:47 --> ErrorException: Undefined array key "role"
[Method: GET, Route: laporan_kerja/riwayat]
in APPPATH\Views\laporan_kerja\riwayat.php on line 132.
 1 APPPATH\Views\laporan_kerja\riwayat.php(132): CodeIgniter\Debug\Exceptions->errorHandler(2, 'Undefined array key "role"', 'C:\\xampp\\htdocs\\kinerja.percobaan\\app\\Views\\laporan_kerja\\riwayat.php', 132)
 2 SYSTEMPATH\View\View.php(224): include('C:\\xampp\\htdocs\\kinerja.percobaan\\app\\Views\\laporan_kerja\\riwayat.php')
 3 SYSTEMPATH\View\View.php(227): CodeIgniter\View\View->CodeIgniter\View\{closure}()
 4 SYSTEMPATH\View\View.php(475): CodeIgniter\View\View->render('laporan_kerja/riwayat', null, true)
 5 APPPATH\Views\dashboard\layouts\rwyt_laporankerja.php(4): CodeIgniter\View\View->include('laporan_kerja/riwayat')
 6 SYSTEMPATH\View\View.php(224): include('C:\\xampp\\htdocs\\kinerja.percobaan\\app\\Views\\dashboard\\layouts\\rwyt_laporankerja.php')
 7 SYSTEMPATH\View\View.php(227): CodeIgniter\View\View->CodeIgniter\View\{closure}()
 8 SYSTEMPATH\Common.php(1173): CodeIgniter\View\View->render('dashboard/layouts/rwyt_laporankerja', [], true)
 9 APPPATH\Controllers\LaporanKerja.php(61): view('dashboard/layouts/rwyt_laporankerja', [...])
10 SYSTEMPATH\CodeIgniter.php(933): App\Controllers\LaporanKerja->riwayat()
11 SYSTEMPATH\CodeIgniter.php(507): CodeIgniter\CodeIgniter->runController(Object(App\Controllers\LaporanKerja))
12 SYSTEMPATH\CodeIgniter.php(354): CodeIgniter\CodeIgniter->handleRequest(null, Object(Config\Cache), false)
13 SYSTEMPATH\Boot.php(334): CodeIgniter\CodeIgniter->run()
14 SYSTEMPATH\Boot.php(67): CodeIgniter\Boot::runCodeIgniter(Object(CodeIgniter\CodeIgniter))
15 FCPATH\index.php(56): CodeIgniter\Boot::bootWeb(Object(Config\Paths))
16 SYSTEMPATH\rewrite.php(44): require_once('C:\\xampp\\htdocs\\kinerja.percobaan\\public\\index.php')
DEBUG - 2025-04-28 14:12:52 --> Session: Class initialized using 'CodeIgniter\Session\Handlers\FileHandler' driver.
CRITICAL - 2025-04-28 14:12:52 --> ErrorException: Undefined array key "role"
[Method: GET, Route: laporan_kerja/riwayat]
in APPPATH\Views\laporan_kerja\riwayat.php on line 132.
 1 APPPATH\Views\laporan_kerja\riwayat.php(132): CodeIgniter\Debug\Exceptions->errorHandler(2, 'Undefined array key "role"', 'C:\\xampp\\htdocs\\kinerja.percobaan\\app\\Views\\laporan_kerja\\riwayat.php', 132)
 2 SYSTEMPATH\View\View.php(224): include('C:\\xampp\\htdocs\\kinerja.percobaan\\app\\Views\\laporan_kerja\\riwayat.php')
 3 SYSTEMPATH\View\View.php(227): CodeIgniter\View\View->CodeIgniter\View\{closure}()
 4 SYSTEMPATH\View\View.php(475): CodeIgniter\View\View->render('laporan_kerja/riwayat', null, true)
 5 APPPATH\Views\dashboard\layouts\rwyt_laporankerja.php(4): CodeIgniter\View\View->include('laporan_kerja/riwayat')
 6 SYSTEMPATH\View\View.php(224): include('C:\\xampp\\htdocs\\kinerja.percobaan\\app\\Views\\dashboard\\layouts\\rwyt_laporankerja.php')
 7 SYSTEMPATH\View\View.php(227): CodeIgniter\View\View->CodeIgniter\View\{closure}()
 8 SYSTEMPATH\Common.php(1173): CodeIgniter\View\View->render('dashboard/layouts/rwyt_laporankerja', [], true)
 9 APPPATH\Controllers\LaporanKerja.php(61): view('dashboard/layouts/rwyt_laporankerja', [...])
10 SYSTEMPATH\CodeIgniter.php(933): App\Controllers\LaporanKerja->riwayat()
11 SYSTEMPATH\CodeIgniter.php(507): CodeIgniter\CodeIgniter->runController(Object(App\Controllers\LaporanKerja))
12 SYSTEMPATH\CodeIgniter.php(354): CodeIgniter\CodeIgniter->handleRequest(null, Object(Config\Cache), false)
13 SYSTEMPATH\Boot.php(334): CodeIgniter\CodeIgniter->run()
14 SYSTEMPATH\Boot.php(67): CodeIgniter\Boot::runCodeIgniter(Object(CodeIgniter\CodeIgniter))
15 FCPATH\index.php(56): CodeIgniter\Boot::bootWeb(Object(Config\Paths))
16 SYSTEMPATH\rewrite.php(44): require_once('C:\\xampp\\htdocs\\kinerja.percobaan\\public\\index.php')
DEBUG - 2025-04-28 14:13:18 --> Session: Class initialized using 'CodeIgniter\Session\Handlers\FileHandler' driver.
CRITICAL - 2025-04-28 14:13:18 --> ErrorException: Undefined array key "divisi"
[Method: GET, Route: laporan_kerja/riwayat]
in APPPATH\Views\laporan_kerja\riwayat.php on line 133.
 1 APPPATH\Views\laporan_kerja\riwayat.php(133): CodeIgniter\Debug\Exceptions->errorHandler(2, 'Undefined array key "divisi"', 'C:\\xampp\\htdocs\\kinerja.percobaan\\app\\Views\\laporan_kerja\\riwayat.php', 133)
 2 SYSTEMPATH\View\View.php(224): include('C:\\xampp\\htdocs\\kinerja.percobaan\\app\\Views\\laporan_kerja\\riwayat.php')
 3 SYSTEMPATH\View\View.php(227): CodeIgniter\View\View->CodeIgniter\View\{closure}()
 4 SYSTEMPATH\View\View.php(475): CodeIgniter\View\View->render('laporan_kerja/riwayat', null, true)
 5 APPPATH\Views\dashboard\layouts\rwyt_laporankerja.php(4): CodeIgniter\View\View->include('laporan_kerja/riwayat')
 6 SYSTEMPATH\View\View.php(224): include('C:\\xampp\\htdocs\\kinerja.percobaan\\app\\Views\\dashboard\\layouts\\rwyt_laporankerja.php')
 7 SYSTEMPATH\View\View.php(227): CodeIgniter\View\View->CodeIgniter\View\{closure}()
 8 SYSTEMPATH\Common.php(1173): CodeIgniter\View\View->render('dashboard/layouts/rwyt_laporankerja', [], true)
 9 APPPATH\Controllers\LaporanKerja.php(61): view('dashboard/layouts/rwyt_laporankerja', [...])
10 SYSTEMPATH\CodeIgniter.php(933): App\Controllers\LaporanKerja->riwayat()
11 SYSTEMPATH\CodeIgniter.php(507): CodeIgniter\CodeIgniter->runController(Object(App\Controllers\LaporanKerja))
12 SYSTEMPATH\CodeIgniter.php(354): CodeIgniter\CodeIgniter->handleRequest(null, Object(Config\Cache), false)
13 SYSTEMPATH\Boot.php(334): CodeIgniter\CodeIgniter->run()
14 SYSTEMPATH\Boot.php(67): CodeIgniter\Boot::runCodeIgniter(Object(CodeIgniter\CodeIgniter))
15 FCPATH\index.php(56): CodeIgniter\Boot::bootWeb(Object(Config\Paths))
16 SYSTEMPATH\rewrite.php(44): require_once('C:\\xampp\\htdocs\\kinerja.percobaan\\public\\index.php')
DEBUG - 2025-04-28 14:13:38 --> Session: Class initialized using 'CodeIgniter\Session\Handlers\FileHandler' driver.
DEBUG - 2025-04-28 14:13:44 --> Session: Class initialized using 'CodeIgniter\Session\Handlers\FileHandler' driver.
DEBUG - 2025-04-28 14:15:04 --> Session: Class initialized using 'CodeIgniter\Session\Handlers\FileHandler' driver.
CRITICAL - 2025-04-28 14:15:08 --> ErrorException: Array to string conversion
[Method: GET, Route: laporan_kerja/edit/180]
in SYSTEMPATH\Model.php on line 209.
 1 SYSTEMPATH\Model.php(209): CodeIgniter\Debug\Exceptions->errorHandler(2, 'Array to string conversion', 'C:\\xampp\\htdocs\\kinerja.percobaan\\system\\Model.php', 209)
 2 SYSTEMPATH\BaseModel.php(609): CodeIgniter\Model->doFind(true, '180')
 3 APPPATH\Controllers\LaporanKerja.php(77): CodeIgniter\BaseModel->find('180')
 4 SYSTEMPATH\CodeIgniter.php(933): App\Controllers\LaporanKerja->edit('180')
 5 SYSTEMPATH\CodeIgniter.php(507): CodeIgniter\CodeIgniter->runController(Object(App\Controllers\LaporanKerja))
 6 SYSTEMPATH\CodeIgniter.php(354): CodeIgniter\CodeIgniter->handleRequest(null, Object(Config\Cache), false)
 7 SYSTEMPATH\Boot.php(334): CodeIgniter\CodeIgniter->run()
 8 SYSTEMPATH\Boot.php(67): CodeIgniter\Boot::runCodeIgniter(Object(CodeIgniter\CodeIgniter))
 9 FCPATH\index.php(56): CodeIgniter\Boot::bootWeb(Object(Config\Paths))
10 SYSTEMPATH\rewrite.php(44): require_once('C:\\xampp\\htdocs\\kinerja.percobaan\\public\\index.php')
CRITICAL - 2025-04-28 14:18:25 --> ErrorException: Undefined property: App\Controllers\LaporanKerja::$db
[Method: GET, Route: laporan_kerja/edit/180]
in APPPATH\Controllers\LaporanKerja.php on line 76.
 1 APPPATH\Controllers\LaporanKerja.php(76): CodeIgniter\Debug\Exceptions->errorHandler(2, 'Undefined property: App\\Controllers\\LaporanKerja::$db', 'C:\\xampp\\htdocs\\kinerja.percobaan\\app\\Controllers\\LaporanKerja.php', 76)
 2 SYSTEMPATH\CodeIgniter.php(933): App\Controllers\LaporanKerja->edit('180')
 3 SYSTEMPATH\CodeIgniter.php(507): CodeIgniter\CodeIgniter->runController(Object(App\Controllers\LaporanKerja))
 4 SYSTEMPATH\CodeIgniter.php(354): CodeIgniter\CodeIgniter->handleRequest(null, Object(Config\Cache), false)
 5 SYSTEMPATH\Boot.php(334): CodeIgniter\CodeIgniter->run()
 6 SYSTEMPATH\Boot.php(67): CodeIgniter\Boot::runCodeIgniter(Object(CodeIgniter\CodeIgniter))
 7 FCPATH\index.php(56): CodeIgniter\Boot::bootWeb(Object(Config\Paths))
 8 SYSTEMPATH\rewrite.php(44): require_once('C:\\xampp\\htdocs\\kinerja.percobaan\\public\\index.php')
CRITICAL - 2025-04-28 14:18:27 --> ErrorException: Undefined property: App\Controllers\LaporanKerja::$db
[Method: GET, Route: laporan_kerja/edit/180]
in APPPATH\Controllers\LaporanKerja.php on line 76.
 1 APPPATH\Controllers\LaporanKerja.php(76): CodeIgniter\Debug\Exceptions->errorHandler(2, 'Undefined property: App\\Controllers\\LaporanKerja::$db', 'C:\\xampp\\htdocs\\kinerja.percobaan\\app\\Controllers\\LaporanKerja.php', 76)
 2 SYSTEMPATH\CodeIgniter.php(933): App\Controllers\LaporanKerja->edit('180')
 3 SYSTEMPATH\CodeIgniter.php(507): CodeIgniter\CodeIgniter->runController(Object(App\Controllers\LaporanKerja))
 4 SYSTEMPATH\CodeIgniter.php(354): CodeIgniter\CodeIgniter->handleRequest(null, Object(Config\Cache), false)
 5 SYSTEMPATH\Boot.php(334): CodeIgniter\CodeIgniter->run()
 6 SYSTEMPATH\Boot.php(67): CodeIgniter\Boot::runCodeIgniter(Object(CodeIgniter\CodeIgniter))
 7 FCPATH\index.php(56): CodeIgniter\Boot::bootWeb(Object(Config\Paths))
 8 SYSTEMPATH\rewrite.php(44): require_once('C:\\xampp\\htdocs\\kinerja.percobaan\\public\\index.php')
CRITICAL - 2025-04-28 14:19:31 --> ErrorException: Undefined property: App\Controllers\LaporanKerja::$db
[Method: GET, Route: laporan_kerja/edit/180]
in APPPATH\Controllers\LaporanKerja.php on line 77.
 1 APPPATH\Controllers\LaporanKerja.php(77): CodeIgniter\Debug\Exceptions->errorHandler(2, 'Undefined property: App\\Controllers\\LaporanKerja::$db', 'C:\\xampp\\htdocs\\kinerja.percobaan\\app\\Controllers\\LaporanKerja.php', 77)
 2 SYSTEMPATH\CodeIgniter.php(933): App\Controllers\LaporanKerja->edit('180')
 3 SYSTEMPATH\CodeIgniter.php(507): CodeIgniter\CodeIgniter->runController(Object(App\Controllers\LaporanKerja))
 4 SYSTEMPATH\CodeIgniter.php(354): CodeIgniter\CodeIgniter->handleRequest(null, Object(Config\Cache), false)
 5 SYSTEMPATH\Boot.php(334): CodeIgniter\CodeIgniter->run()
 6 SYSTEMPATH\Boot.php(67): CodeIgniter\Boot::runCodeIgniter(Object(CodeIgniter\CodeIgniter))
 7 FCPATH\index.php(56): CodeIgniter\Boot::bootWeb(Object(Config\Paths))
 8 SYSTEMPATH\rewrite.php(44): require_once('C:\\xampp\\htdocs\\kinerja.percobaan\\public\\index.php')
CRITICAL - 2025-04-28 14:19:33 --> ErrorException: Undefined property: App\Controllers\LaporanKerja::$db
[Method: GET, Route: laporan_kerja/edit/180]
in APPPATH\Controllers\LaporanKerja.php on line 77.
 1 APPPATH\Controllers\LaporanKerja.php(77): CodeIgniter\Debug\Exceptions->errorHandler(2, 'Undefined property: App\\Controllers\\LaporanKerja::$db', 'C:\\xampp\\htdocs\\kinerja.percobaan\\app\\Controllers\\LaporanKerja.php', 77)
 2 SYSTEMPATH\CodeIgniter.php(933): App\Controllers\LaporanKerja->edit('180')
 3 SYSTEMPATH\CodeIgniter.php(507): CodeIgniter\CodeIgniter->runController(Object(App\Controllers\LaporanKerja))
 4 SYSTEMPATH\CodeIgniter.php(354): CodeIgniter\CodeIgniter->handleRequest(null, Object(Config\Cache), false)
 5 SYSTEMPATH\Boot.php(334): CodeIgniter\CodeIgniter->run()
 6 SYSTEMPATH\Boot.php(67): CodeIgniter\Boot::runCodeIgniter(Object(CodeIgniter\CodeIgniter))
 7 FCPATH\index.php(56): CodeIgniter\Boot::bootWeb(Object(Config\Paths))
 8 SYSTEMPATH\rewrite.php(44): require_once('C:\\xampp\\htdocs\\kinerja.percobaan\\public\\index.php')
CRITICAL - 2025-04-28 14:19:34 --> ErrorException: Undefined property: App\Controllers\LaporanKerja::$db
[Method: GET, Route: laporan_kerja/edit/180]
in APPPATH\Controllers\LaporanKerja.php on line 77.
 1 APPPATH\Controllers\LaporanKerja.php(77): CodeIgniter\Debug\Exceptions->errorHandler(2, 'Undefined property: App\\Controllers\\LaporanKerja::$db', 'C:\\xampp\\htdocs\\kinerja.percobaan\\app\\Controllers\\LaporanKerja.php', 77)
 2 SYSTEMPATH\CodeIgniter.php(933): App\Controllers\LaporanKerja->edit('180')
 3 SYSTEMPATH\CodeIgniter.php(507): CodeIgniter\CodeIgniter->runController(Object(App\Controllers\LaporanKerja))
 4 SYSTEMPATH\CodeIgniter.php(354): CodeIgniter\CodeIgniter->handleRequest(null, Object(Config\Cache), false)
 5 SYSTEMPATH\Boot.php(334): CodeIgniter\CodeIgniter->run()
 6 SYSTEMPATH\Boot.php(67): CodeIgniter\Boot::runCodeIgniter(Object(CodeIgniter\CodeIgniter))
 7 FCPATH\index.php(56): CodeIgniter\Boot::bootWeb(Object(Config\Paths))
 8 SYSTEMPATH\rewrite.php(44): require_once('C:\\xampp\\htdocs\\kinerja.percobaan\\public\\index.php')
CRITICAL - 2025-04-28 14:19:34 --> ErrorException: Undefined property: App\Controllers\LaporanKerja::$db
[Method: GET, Route: laporan_kerja/edit/180]
in APPPATH\Controllers\LaporanKerja.php on line 77.
 1 APPPATH\Controllers\LaporanKerja.php(77): CodeIgniter\Debug\Exceptions->errorHandler(2, 'Undefined property: App\\Controllers\\LaporanKerja::$db', 'C:\\xampp\\htdocs\\kinerja.percobaan\\app\\Controllers\\LaporanKerja.php', 77)
 2 SYSTEMPATH\CodeIgniter.php(933): App\Controllers\LaporanKerja->edit('180')
 3 SYSTEMPATH\CodeIgniter.php(507): CodeIgniter\CodeIgniter->runController(Object(App\Controllers\LaporanKerja))
 4 SYSTEMPATH\CodeIgniter.php(354): CodeIgniter\CodeIgniter->handleRequest(null, Object(Config\Cache), false)
 5 SYSTEMPATH\Boot.php(334): CodeIgniter\CodeIgniter->run()
 6 SYSTEMPATH\Boot.php(67): CodeIgniter\Boot::runCodeIgniter(Object(CodeIgniter\CodeIgniter))
 7 FCPATH\index.php(56): CodeIgniter\Boot::bootWeb(Object(Config\Paths))
 8 SYSTEMPATH\rewrite.php(44): require_once('C:\\xampp\\htdocs\\kinerja.percobaan\\public\\index.php')
CRITICAL - 2025-04-28 14:19:35 --> ErrorException: Undefined property: App\Controllers\LaporanKerja::$db
[Method: GET, Route: laporan_kerja/edit/180]
in APPPATH\Controllers\LaporanKerja.php on line 77.
 1 APPPATH\Controllers\LaporanKerja.php(77): CodeIgniter\Debug\Exceptions->errorHandler(2, 'Undefined property: App\\Controllers\\LaporanKerja::$db', 'C:\\xampp\\htdocs\\kinerja.percobaan\\app\\Controllers\\LaporanKerja.php', 77)
 2 SYSTEMPATH\CodeIgniter.php(933): App\Controllers\LaporanKerja->edit('180')
 3 SYSTEMPATH\CodeIgniter.php(507): CodeIgniter\CodeIgniter->runController(Object(App\Controllers\LaporanKerja))
 4 SYSTEMPATH\CodeIgniter.php(354): CodeIgniter\CodeIgniter->handleRequest(null, Object(Config\Cache), false)
 5 SYSTEMPATH\Boot.php(334): CodeIgniter\CodeIgniter->run()
 6 SYSTEMPATH\Boot.php(67): CodeIgniter\Boot::runCodeIgniter(Object(CodeIgniter\CodeIgniter))
 7 FCPATH\index.php(56): CodeIgniter\Boot::bootWeb(Object(Config\Paths))
 8 SYSTEMPATH\rewrite.php(44): require_once('C:\\xampp\\htdocs\\kinerja.percobaan\\public\\index.php')
CRITICAL - 2025-04-28 14:19:36 --> ErrorException: Undefined property: App\Controllers\LaporanKerja::$db
[Method: GET, Route: laporan_kerja/edit/180]
in APPPATH\Controllers\LaporanKerja.php on line 77.
 1 APPPATH\Controllers\LaporanKerja.php(77): CodeIgniter\Debug\Exceptions->errorHandler(2, 'Undefined property: App\\Controllers\\LaporanKerja::$db', 'C:\\xampp\\htdocs\\kinerja.percobaan\\app\\Controllers\\LaporanKerja.php', 77)
 2 SYSTEMPATH\CodeIgniter.php(933): App\Controllers\LaporanKerja->edit('180')
 3 SYSTEMPATH\CodeIgniter.php(507): CodeIgniter\CodeIgniter->runController(Object(App\Controllers\LaporanKerja))
 4 SYSTEMPATH\CodeIgniter.php(354): CodeIgniter\CodeIgniter->handleRequest(null, Object(Config\Cache), false)
 5 SYSTEMPATH\Boot.php(334): CodeIgniter\CodeIgniter->run()
 6 SYSTEMPATH\Boot.php(67): CodeIgniter\Boot::runCodeIgniter(Object(CodeIgniter\CodeIgniter))
 7 FCPATH\index.php(56): CodeIgniter\Boot::bootWeb(Object(Config\Paths))
 8 SYSTEMPATH\rewrite.php(44): require_once('C:\\xampp\\htdocs\\kinerja.percobaan\\public\\index.php')
CRITICAL - 2025-04-28 14:19:36 --> ErrorException: Undefined property: App\Controllers\LaporanKerja::$db
[Method: GET, Route: laporan_kerja/edit/180]
in APPPATH\Controllers\LaporanKerja.php on line 77.
 1 APPPATH\Controllers\LaporanKerja.php(77): CodeIgniter\Debug\Exceptions->errorHandler(2, 'Undefined property: App\\Controllers\\LaporanKerja::$db', 'C:\\xampp\\htdocs\\kinerja.percobaan\\app\\Controllers\\LaporanKerja.php', 77)
 2 SYSTEMPATH\CodeIgniter.php(933): App\Controllers\LaporanKerja->edit('180')
 3 SYSTEMPATH\CodeIgniter.php(507): CodeIgniter\CodeIgniter->runController(Object(App\Controllers\LaporanKerja))
 4 SYSTEMPATH\CodeIgniter.php(354): CodeIgniter\CodeIgniter->handleRequest(null, Object(Config\Cache), false)
 5 SYSTEMPATH\Boot.php(334): CodeIgniter\CodeIgniter->run()
 6 SYSTEMPATH\Boot.php(67): CodeIgniter\Boot::runCodeIgniter(Object(CodeIgniter\CodeIgniter))
 7 FCPATH\index.php(56): CodeIgniter\Boot::bootWeb(Object(Config\Paths))
 8 SYSTEMPATH\rewrite.php(44): require_once('C:\\xampp\\htdocs\\kinerja.percobaan\\public\\index.php')
CRITICAL - 2025-04-28 14:19:37 --> ErrorException: Undefined property: App\Controllers\LaporanKerja::$db
[Method: GET, Route: laporan_kerja/edit/180]
in APPPATH\Controllers\LaporanKerja.php on line 77.
 1 APPPATH\Controllers\LaporanKerja.php(77): CodeIgniter\Debug\Exceptions->errorHandler(2, 'Undefined property: App\\Controllers\\LaporanKerja::$db', 'C:\\xampp\\htdocs\\kinerja.percobaan\\app\\Controllers\\LaporanKerja.php', 77)
 2 SYSTEMPATH\CodeIgniter.php(933): App\Controllers\LaporanKerja->edit('180')
 3 SYSTEMPATH\CodeIgniter.php(507): CodeIgniter\CodeIgniter->runController(Object(App\Controllers\LaporanKerja))
 4 SYSTEMPATH\CodeIgniter.php(354): CodeIgniter\CodeIgniter->handleRequest(null, Object(Config\Cache), false)
 5 SYSTEMPATH\Boot.php(334): CodeIgniter\CodeIgniter->run()
 6 SYSTEMPATH\Boot.php(67): CodeIgniter\Boot::runCodeIgniter(Object(CodeIgniter\CodeIgniter))
 7 FCPATH\index.php(56): CodeIgniter\Boot::bootWeb(Object(Config\Paths))
 8 SYSTEMPATH\rewrite.php(44): require_once('C:\\xampp\\htdocs\\kinerja.percobaan\\public\\index.php')
CRITICAL - 2025-04-28 14:20:46 --> ErrorException: Undefined variable $divisiId
[Method: GET, Route: laporan_kerja/edit/180]
in APPPATH\Controllers\LaporanKerja.php on line 77.
 1 APPPATH\Controllers\LaporanKerja.php(77): CodeIgniter\Debug\Exceptions->errorHandler(2, 'Undefined variable $divisiId', 'C:\\xampp\\htdocs\\kinerja.percobaan\\app\\Controllers\\LaporanKerja.php', 77)
 2 SYSTEMPATH\CodeIgniter.php(933): App\Controllers\LaporanKerja->edit('180')
 3 SYSTEMPATH\CodeIgniter.php(507): CodeIgniter\CodeIgniter->runController(Object(App\Controllers\LaporanKerja))
 4 SYSTEMPATH\CodeIgniter.php(354): CodeIgniter\CodeIgniter->handleRequest(null, Object(Config\Cache), false)
 5 SYSTEMPATH\Boot.php(334): CodeIgniter\CodeIgniter->run()
 6 SYSTEMPATH\Boot.php(67): CodeIgniter\Boot::runCodeIgniter(Object(CodeIgniter\CodeIgniter))
 7 FCPATH\index.php(56): CodeIgniter\Boot::bootWeb(Object(Config\Paths))
 8 SYSTEMPATH\rewrite.php(44): require_once('C:\\xampp\\htdocs\\kinerja.percobaan\\public\\index.php')
CRITICAL - 2025-04-28 14:23:45 --> ErrorException: Undefined array key "id"
[Method: GET, Route: laporan_kerja/edit/180]
in APPPATH\Views\laporan_kerja\edit.php on line 68.
 1 APPPATH\Views\laporan_kerja\edit.php(68): CodeIgniter\Debug\Exceptions->errorHandler(2, 'Undefined array key "id"', 'C:\\xampp\\htdocs\\kinerja.percobaan\\app\\Views\\laporan_kerja\\edit.php', 68)
 2 SYSTEMPATH\View\View.php(224): include('C:\\xampp\\htdocs\\kinerja.percobaan\\app\\Views\\laporan_kerja\\edit.php')
 3 SYSTEMPATH\View\View.php(227): CodeIgniter\View\View->CodeIgniter\View\{closure}()
 4 SYSTEMPATH\Common.php(1173): CodeIgniter\View\View->render('laporan_kerja/edit', [], true)
 5 APPPATH\Controllers\LaporanKerja.php(80): view('laporan_kerja/edit', [...])
 6 SYSTEMPATH\CodeIgniter.php(933): App\Controllers\LaporanKerja->edit('180')
 7 SYSTEMPATH\CodeIgniter.php(507): CodeIgniter\CodeIgniter->runController(Object(App\Controllers\LaporanKerja))
 8 SYSTEMPATH\CodeIgniter.php(354): CodeIgniter\CodeIgniter->handleRequest(null, Object(Config\Cache), false)
 9 SYSTEMPATH\Boot.php(334): CodeIgniter\CodeIgniter->run()
10 SYSTEMPATH\Boot.php(67): CodeIgniter\Boot::runCodeIgniter(Object(CodeIgniter\CodeIgniter))
11 FCPATH\index.php(56): CodeIgniter\Boot::bootWeb(Object(Config\Paths))
12 SYSTEMPATH\rewrite.php(44): require_once('C:\\xampp\\htdocs\\kinerja.percobaan\\public\\index.php')
